2025-04-08 07:48:37 [DEBUG] Invalid input parameter detected
2025-04-08 09:31:46 [DEBUG] File uploaded successfully
2025-04-08 08:03:58 [ERROR] Memory access violation detected
2025-04-08 09:02:05 [DEBUG] File uploaded successfully
2025-04-08 08:04:55 [ERROR] Invalid input parameter detected
2025-04-08 08:26:03 [ERROR] Unexpected response from API
2025-04-08 08:42:10 [ERROR] RAS KERNEL PANIC at address 0x000000
2025-04-08 07:49:40 [WARN] Background job started
2025-04-08 08:55:50 [ERROR] Unexpected response from API
2025-04-08 06:54:54 [WARN] Unexpected response from API
2025-04-08 06:57:44 [WARN] Connection to DB established
2025-04-08 07:51:10 [DEBUG] Invalid input parameter detected
2025-04-08 07:01:51 [INFO] Background job started
2025-04-08 09:19:27 [ERROR] 🔥 Unauthorized SSH attempt blocked
2025-04-08 07:56:38 [ERROR] Connection to DB established
2025-04-08 09:14:33 [ERROR] User session expired
2025-04-08 08:59:56 [ERROR] ⚠️ Stack trace dump initiated
2025-04-08 06:58:55 [INFO] Unexpected response from API
2025-04-08 09:07:43 [DEBUG] Background job started
2025-04-08 07:16:52 [ERROR] Invalid input parameter detected
2025-04-08 08:28:11 [WARN] Invalid input parameter detected
2025-04-08 08:16:37 [DEBUG] Background job started
2025-04-08 08:21:27 [DEBUG] Unexpected response from API
2025-04-08 07:58:24 [ERROR] User session expired
2025-04-08 07:12:53 [INFO] Unexpected response from API
2025-04-08 07:48:24 [INFO] Unexpected response from API
2025-04-08 08:30:56 [INFO] User session expired
2025-04-08 09:19:13 [DEBUG] User session expired
2025-04-08 07:35:06 [INFO] Invalid input parameter detected
2025-04-08 08:00:13 [INFO] User session expired
2025-04-08 06:47:33 [INFO] Invalid input parameter detected
2025-04-08 07:53:00 [ERROR] Unexpected response from API
2025-04-08 09:02:17 [ERROR] ⚠️ Stack trace dump initiated
2025-04-08 08:15:09 [ERROR] ⚠️ Stack trace dump initiated
2025-04-08 08:12:27 [INFO] Invalid input parameter detected
2025-04-08 08:29:20 [WARN] Connection to DB established
2025-04-08 08:25:50 [DEBUG] Cache cleared
2025-04-08 08:03:39 [DEBUG] User session expired
2025-04-08 07:01:58 [DEBUG] Background job started
2025-04-08 07:08:27 [DEBUG] Cache cleared
2025-04-08 08:19:55 [DEBUG] Cache cleared
2025-04-08 07:27:48 [ERROR] Segmentation fault at core
2025-04-08 08:30:39 [ERROR] Unexpected response from API
2025-04-08 07:56:28 [ERROR] File uploaded successfully
2025-04-08 07:41:37 [ERROR] Segmentation fault at core
2025-04-08 08:33:27 [ERROR] User login successful
2025-04-08 08:52:15 [WARN] Invalid input parameter detected
2025-04-08 06:51:31 [WARN] User login successful
2025-04-08 06:58:51 [WARN] User login successful
2025-04-08 07:30:13 [WARN] Invalid input parameter detected
2025-04-08 09:31:20 [DEBUG] Invalid input parameter detected
2025-04-08 09:00:34 [WARN] Cache cleared
2025-04-08 08:08:23 [DEBUG] Invalid input parameter detected
2025-04-08 08:27:25 [DEBUG] File uploaded successfully
2025-04-08 08:44:31 [DEBUG] Invalid input parameter detected
2025-04-08 06:57:10 [ERROR] Unexpected response from API
2025-04-08 07:46:42 [ERROR] 🔥 Unauthorized SSH attempt blocked
2025-04-08 08:07:16 [ERROR] Background job started
2025-04-08 09:18:18 [ERROR] Memory access violation detected
2025-04-08 08:47:41 [DEBUG] Invalid input parameter detected
2025-04-08 09:20:13 [DEBUG] Unexpected response from API
2025-04-08 07:54:50 [INFO] User session expired
2025-04-08 09:32:07 [DEBUG] User session expired
2025-04-08 08:44:17 [ERROR] User login successful
2025-04-08 08:48:18 [WARN] File uploaded successfully
2025-04-08 06:57:16 [WARN] Cache cleared
2025-04-08 08:50:37 [ERROR] ⚠️ Stack trace dump initiated
2025-04-08 09:19:12 [DEBUG] File uploaded successfully
2025-04-08 08:02:48 [INFO] File uploaded successfully
2025-04-08 08:45:26 [INFO] Unexpected response from API
2025-04-08 07:46:46 [WARN] User session expired
2025-04-08 07:35:35 [ERROR] Unexpected response from API
2025-04-08 07:06:46 [DEBUG] User session expired
2025-04-08 08:50:18 [WARN] User session expired
2025-04-08 07:03:53 [DEBUG] Cache cleared
2025-04-08 07:49:58 [INFO] User login successful
2025-04-08 07:55:19 [INFO] User login successful
2025-04-08 07:36:43 [ERROR] Cache cleared
2025-04-08 07:13:45 [DEBUG] Cache cleared
2025-04-08 08:54:26 [ERROR] Connection to DB established
2025-04-08 09:18:21 [WARN] Cache cleared
2025-04-08 07:18:06 [ERROR] Background job started
2025-04-08 07:51:46 [ERROR] Background job started
2025-04-08 08:33:15 [INFO] Cache cleared
2025-04-08 07:52:58 [WARN] Cache cleared
2025-04-08 09:21:17 [WARN] Cache cleared
2025-04-08 07:01:23 [DEBUG] Unexpected response from API
2025-04-08 07:41:34 [INFO] User session expired
2025-04-08 08:29:43 [WARN] Unexpected response from API
2025-04-08 07:38:21 [INFO] Connection to DB established
2025-04-08 09:27:08 [DEBUG] Connection to DB established
2025-04-08 08:26:00 [ERROR] User session expired
2025-04-08 09:15:40 [INFO] User session expired
2025-04-08 08:38:20 [INFO] Connection to DB established
2025-04-08 08:23:48 [DEBUG] Unexpected response from API
2025-04-08 07:05:05 [DEBUG] File uploaded successfully
2025-04-08 08:44:04 [INFO] User session expired
2025-04-08 08:39:35 [INFO] Connection to DB established
2025-04-08 06:51:38 [INFO] Invalid input parameter detected
2025-04-08 08:09:31 [INFO] Cache cleared
2025-04-08 08:47:52 [ERROR] Connection to DB established
2025-04-08 07:33:19 [WARN] Connection to DB established
2025-04-08 07:57:21 [INFO] Invalid input parameter detected
2025-04-08 08:34:12 [WARN] Background job started
2025-04-08 06:49:42 [ERROR] Invalid input parameter detected
2025-04-08 08:21:50 [ERROR] Segmentation fault at core
2025-04-08 08:44:55 [INFO] Background job started
2025-04-08 08:06:18 [INFO] User login successful
2025-04-08 08:22:13 [WARN] Invalid input parameter detected
2025-04-08 08:09:21 [INFO] Unexpected response from API
2025-04-08 09:09:33 [ERROR] Unexpected response from API
2025-04-08 07:52:34 [ERROR] User session expired
2025-04-08 06:55:08 [DEBUG] Invalid input parameter detected
2025-04-08 07:49:12 [ERROR] Invalid input parameter detected
2025-04-08 08:20:03 [ERROR] Cache cleared
2025-04-08 08:27:42 [INFO] Background job started
2025-04-08 06:59:19 [ERROR] RAS KERNEL PANIC at address 0x000000
2025-04-08 08:36:50 [INFO] Cache cleared
2025-04-08 07:41:41 [ERROR] User session expired
2025-04-08 09:14:08 [INFO] Cache cleared
2025-04-08 06:56:56 [INFO] Unexpected response from API
2025-04-08 09:13:04 [WARN] Invalid input parameter detected
2025-04-08 08:47:36 [DEBUG] User login successful
2025-04-08 09:11:43 [INFO] User session expired
2025-04-08 07:29:59 [INFO] File uploaded successfully
2025-04-08 07:07:32 [ERROR] Exception: IndexError: list index out of range
2025-04-08 09:15:11 [INFO] File uploaded successfully
2025-04-08 06:54:25 [WARN] Cache cleared
2025-04-08 07:23:52 [DEBUG] Connection to DB established
2025-04-08 08:50:16 [DEBUG] User login successful
2025-04-08 08:22:19 [INFO] Connection to DB established
2025-04-08 07:58:45 [DEBUG] Unexpected response from API
2025-04-08 08:43:47 [INFO] User session expired
2025-04-08 07:43:26 [WARN] Background job started
2025-04-08 07:05:15 [ERROR] Cache cleared
2025-04-08 08:37:09 [ERROR] RAS KERNEL PANIC at address 0x000000
2025-04-08 06:52:17 [INFO] Connection to DB established
2025-04-08 09:32:48 [ERROR] Cache cleared
2025-04-08 09:29:14 [ERROR] Background job started
2025-04-08 07:41:06 [DEBUG] File uploaded successfully
2025-04-08 08:34:32 [WARN] Invalid input parameter detected
2025-04-08 09:17:43 [DEBUG] User session expired
2025-04-08 07:40:54 [ERROR] Unexpected response from API
2025-04-08 07:22:34 [DEBUG] User session expired
2025-04-08 09:27:05 [INFO] Connection to DB established
2025-04-08 09:29:33 [WARN] Unexpected response from API
2025-04-08 07:48:55 [DEBUG] Connection to DB established
2025-04-08 09:30:46 [WARN] File uploaded successfully
2025-04-08 07:49:49 [DEBUG] Cache cleared
2025-04-08 06:54:12 [INFO] Invalid input parameter detected
2025-04-08 07:49:55 [DEBUG] File uploaded successfully
2025-04-08 06:53:39 [DEBUG] Background job started
2025-04-08 07:51:12 [DEBUG] User login successful
2025-04-08 06:47:10 [ERROR] Background job started
2025-04-08 08:23:37 [ERROR] 🔥 Unauthorized SSH attempt blocked
2025-04-08 07:44:22 [WARN] Background job started
2025-04-08 07:02:19 [WARN] Invalid input parameter detected
2025-04-08 08:34:10 [INFO] File uploaded successfully
2025-04-08 08:39:49 [DEBUG] User session expired
2025-04-08 09:10:55 [ERROR] Invalid input parameter detected
2025-04-08 09:09:36 [WARN] File uploaded successfully
2025-04-08 08:32:50 [DEBUG] User session expired
2025-04-08 07:54:04 [WARN] File uploaded successfully
2025-04-08 08:20:14 [DEBUG] Cache cleared
2025-04-08 07:14:32 [INFO] File uploaded successfully
2025-04-08 07:13:40 [INFO] Cache cleared
2025-04-08 07:49:21 [WARN] Connection to DB established
2025-04-08 07:57:34 [ERROR] Segmentation fault at core
2025-04-08 06:49:45 [DEBUG] Background job started
2025-04-08 08:07:33 [INFO] Invalid input parameter detected
2025-04-08 07:54:06 [INFO] Cache cleared
2025-04-08 06:54:48 [INFO] Invalid input parameter detected
2025-04-08 07:08:22 [DEBUG] File uploaded successfully
2025-04-08 07:17:21 [WARN] Background job started
2025-04-08 07:26:00 [WARN] Invalid input parameter detected
2025-04-08 07:07:29 [ERROR] Cache cleared
2025-04-08 08:50:28 [INFO] User login successful
2025-04-08 08:35:21 [INFO] Background job started
2025-04-08 07:54:57 [DEBUG] Invalid input parameter detected
2025-04-08 09:23:53 [ERROR] ⚠️ Stack trace dump initiated
2025-04-08 09:26:28 [ERROR] Invalid input parameter detected
2025-04-08 09:00:17 [DEBUG] User session expired
2025-04-08 09:09:02 [WARN] User session expired
2025-04-08 07:34:10 [INFO] Cache cleared
2025-04-08 08:13:33 [WARN] User login successful
2025-04-08 07:54:30 [ERROR] Invalid input parameter detected
2025-04-08 07:57:50 [WARN] Invalid input parameter detected
2025-04-08 06:47:29 [DEBUG] Connection to DB established
2025-04-08 09:07:25 [ERROR] User session expired
2025-04-08 07:02:17 [INFO] Invalid input parameter detected
2025-04-08 08:53:08 [INFO] User session expired
2025-04-08 07:47:48 [INFO] Connection to DB established
2025-04-08 08:34:20 [WARN] Connection to DB established
2025-04-08 08:41:41 [INFO] Background job started
2025-04-08 08:37:49 [INFO] File uploaded successfully
2025-04-08 09:29:12 [ERROR] Exception: IndexError: list index out of range
2025-04-08 09:25:57 [ERROR] Cache cleared
2025-04-08 07:04:49 [ERROR] 🔥 Unauthorized SSH attempt blocked
2025-04-08 09:05:13 [INFO] Connection to DB established
2025-04-08 09:09:04 [WARN] User session expired