2025-04-01 12:00:00 ERROR Kernel panic: Fatal exception
2025-04-01 12:00:10 INFO Health check passed.
2025-04-01 12:00:20 INFO Health check passed.
2025-04-01 12:00:30 INFO System initialized successfully.
2025-04-01 12:00:40 INFO User login successful.
2025-04-01 12:00:50 INFO User login successful.
2025-04-01 12:01:00 INFO Health check passed.
2025-04-01 12:01:10 INFO System initialized successfully.
2025-04-01 12:01:20 INFO Scheduled job executed.
2025-04-01 12:01:30 INFO User login successful.
2025-04-01 12:01:40 INFO Scheduled job executed.
2025-04-01 12:01:50 INFO User login successful.
2025-04-01 12:02:00 INFO Disk space usage is normal.
2025-04-01 12:02:10 INFO Service response time within limits.
2025-04-01 12:02:20 INFO User login successful.
2025-04-01 12:02:30 INFO System initialized successfully.
2025-04-01 12:02:40 INFO User login successful.
2025-04-01 12:02:50 INFO Scheduled job executed.
2025-04-01 12:03:00 INFO User login successful.
2025-04-01 12:03:10 INFO Scheduled job executed.
2025-04-01 12:03:20 CRITICAL System time desync detected
2025-04-01 12:03:30 INFO Service response time within limits.
2025-04-01 12:03:40 INFO Scheduled job executed.
2025-04-01 12:03:50 INFO User login successful.
2025-04-01 12:04:00 INFO System initialized successfully.
2025-04-01 12:04:10 INFO Disk space usage is normal.
2025-04-01 12:04:20 INFO Scheduled job executed.
2025-04-01 12:04:30 INFO Health check passed.
2025-04-01 12:04:40 INFO Disk space usage is normal.
2025-04-01 12:04:50 INFO Service response time within limits.
2025-04-01 12:05:00 INFO Service response time within limits.
2025-04-01 12:05:10 INFO Health check passed.
2025-04-01 12:05:20 INFO System initialized successfully.
2025-04-01 12:05:30 INFO Health check passed.
2025-04-01 12:05:40 INFO System initialized successfully.
2025-04-01 12:05:50 INFO Health check passed.
2025-04-01 12:06:00 INFO Scheduled job executed.
2025-04-01 12:06:10 INFO Disk space usage is normal.
2025-04-01 12:06:20 INFO Disk space usage is normal.
2025-04-01 12:06:30 INFO Service response time within limits.
2025-04-01 12:06:40 CRITICAL System time desync detected
2025-04-01 12:06:50 INFO Disk space usage is normal.
2025-04-01 12:07:00 INFO Service response time within limits.
2025-04-01 12:07:10 INFO System initialized successfully.
2025-04-01 12:07:20 INFO Health check passed.
2025-04-01 12:07:30 INFO User login successful.
2025-04-01 12:07:40 INFO Health check passed.
2025-04-01 12:07:50 INFO Scheduled job executed.
2025-04-01 12:08:00 INFO System initialized successfully.
2025-04-01 12:08:10 INFO User login successful.
2025-04-01 12:08:20 INFO User login successful.
2025-04-01 12:08:30 INFO Scheduled job executed.
2025-04-01 12:08:40 INFO Health check passed.
2025-04-01 12:08:50 INFO Scheduled job executed.
2025-04-01 12:09:00 INFO Disk space usage is normal.
2025-04-01 12:09:10 INFO Disk space usage is normal.
2025-04-01 12:09:20 INFO System initialized successfully.
2025-04-01 12:09:30 INFO System initialized successfully.
2025-04-01 12:09:40 INFO Scheduled job executed.
2025-04-01 12:09:50 INFO Scheduled job executed.
2025-04-01 12:10:00 WARNING Memory leak detected in module x123
2025-04-01 12:10:10 INFO User login successful.
2025-04-01 12:10:20 INFO Service response time within limits.
2025-04-01 12:10:30 INFO Service response time within limits.
2025-04-01 12:10:40 INFO Health check passed.
2025-04-01 12:10:50 INFO Disk space usage is normal.
2025-04-01 12:11:00 INFO Health check passed.
2025-04-01 12:11:10 INFO Service response time within limits.
2025-04-01 12:11:20 INFO Disk space usage is normal.
2025-04-01 12:11:30 INFO User login successful.
2025-04-01 12:11:40 INFO Scheduled job executed.
2025-04-01 12:11:50 INFO Service response time within limits.
2025-04-01 12:12:00 INFO System initialized successfully.
2025-04-01 12:12:10 INFO Service response time within limits.
2025-04-01 12:12:20 INFO User login successful.
2025-04-01 12:12:30 INFO Disk space usage is normal.
2025-04-01 12:12:40 INFO System initialized successfully.
2025-04-01 12:12:50 INFO Scheduled job executed.
2025-04-01 12:13:00 INFO Scheduled job executed.
2025-04-01 12:13:10 INFO Health check passed.
2025-04-01 12:13:20 ERROR Kernel panic: Fatal exception
2025-04-01 12:13:30 INFO User login successful.
2025-04-01 12:13:40 INFO User login successful.
2025-04-01 12:13:50 INFO User login successful.
2025-04-01 12:14:00 INFO User login successful.
2025-04-01 12:14:10 INFO Service response time within limits.
2025-04-01 12:14:20 INFO Health check passed.
2025-04-01 12:14:30 INFO System initialized successfully.
2025-04-01 12:14:40 INFO Health check passed.
2025-04-01 12:14:50 INFO System initialized successfully.
2025-04-01 12:15:00 INFO Scheduled job executed.
2025-04-01 12:15:10 INFO Disk space usage is normal.
2025-04-01 12:15:20 INFO User login successful.
2025-04-01 12:15:30 INFO Health check passed.
2025-04-01 12:15:40 INFO Scheduled job executed.
2025-04-01 12:15:50 INFO Disk space usage is normal.
2025-04-01 12:16:00 INFO Disk space usage is normal.
2025-04-01 12:16:10 INFO Scheduled job executed.
2025-04-01 12:16:20 INFO Service response time within limits.
2025-04-01 12:16:30 INFO Health check passed.
2025-04-01 12:16:40 WARNING Memory leak detected in module x123
2025-04-01 12:16:50 INFO Service response time within limits.
2025-04-01 12:17:00 INFO Service response time within limits.
2025-04-01 12:17:10 INFO Scheduled job executed.
2025-04-01 12:17:20 INFO Disk space usage is normal.
2025-04-01 12:17:30 INFO Disk space usage is normal.
2025-04-01 12:17:40 INFO Health check passed.
2025-04-01 12:17:50 INFO Scheduled job executed.
2025-04-01 12:18:00 INFO Disk space usage is normal.
2025-04-01 12:18:10 INFO System initialized successfully.
2025-04-01 12:18:20 INFO Disk space usage is normal.
2025-04-01 12:18:30 INFO Health check passed.
2025-04-01 12:18:40 INFO Service response time within limits.
2025-04-01 12:18:50 INFO Scheduled job executed.
2025-04-01 12:19:00 INFO Service response time within limits.
2025-04-01 12:19:10 INFO User login successful.
2025-04-01 12:19:20 INFO Health check passed.
2025-04-01 12:19:30 INFO Service response time within limits.
2025-04-01 12:19:40 INFO Health check passed.
2025-04-01 12:19:50 INFO System initialized successfully.
2025-04-01 12:20:00 CRITICAL System time desync detected
2025-04-01 12:20:10 INFO User login successful.
2025-04-01 12:20:20 INFO Disk space usage is normal.
2025-04-01 12:20:30 INFO Service response time within limits.
2025-04-01 12:20:40 INFO User login successful.
2025-04-01 12:20:50 INFO Scheduled job executed.
2025-04-01 12:21:00 INFO Service response time within limits.
2025-04-01 12:21:10 INFO Disk space usage is normal.
2025-04-01 12:21:20 INFO Disk space usage is normal.
2025-04-01 12:21:30 INFO Health check passed.
2025-04-01 12:21:40 INFO Health check passed.
2025-04-01 12:21:50 INFO Service response time within limits.
2025-04-01 12:22:00 INFO User login successful.
2025-04-01 12:22:10 INFO Scheduled job executed.
2025-04-01 12:22:20 INFO User login successful.
2025-04-01 12:22:30 INFO Disk space usage is normal.
2025-04-01 12:22:40 INFO User login successful.
2025-04-01 12:22:50 INFO Disk space usage is normal.
2025-04-01 12:23:00 INFO User login successful.
2025-04-01 12:23:10 INFO Health check passed.
2025-04-01 12:23:20 WARNING Memory leak detected in module x123
2025-04-01 12:23:30 INFO Disk space usage is normal.
2025-04-01 12:23:40 INFO Scheduled job executed.
2025-04-01 12:23:50 INFO Disk space usage is normal.
2025-04-01 12:24:00 INFO Scheduled job executed.
2025-04-01 12:24:10 INFO User login successful.
2025-04-01 12:24:20 INFO Health check passed.
2025-04-01 12:24:30 INFO Health check passed.
2025-04-01 12:24:40 INFO User login successful.
2025-04-01 12:24:50 INFO Service response time within limits.
2025-04-01 12:25:00 INFO Scheduled job executed.
2025-04-01 12:25:10 INFO Health check passed.
2025-04-01 12:25:20 INFO Scheduled job executed.
2025-04-01 12:25:30 INFO Service response time within limits.
2025-04-01 12:25:40 INFO Health check passed.
2025-04-01 12:25:50 INFO Service response time within limits.
2025-04-01 12:26:00 INFO Scheduled job executed.
2025-04-01 12:26:10 INFO Health check passed.
2025-04-01 12:26:20 INFO Health check passed.
2025-04-01 12:26:30 INFO User login successful.
2025-04-01 12:26:40 ALERT CPU temperature threshold exceeded
2025-04-01 12:26:50 INFO Health check passed.
2025-04-01 12:27:00 INFO System initialized successfully.
2025-04-01 12:27:10 INFO User login successful.
2025-04-01 12:27:20 INFO User login successful.
2025-04-01 12:27:30 INFO Service response time within limits.
2025-04-01 12:27:40 INFO User login successful.
2025-04-01 12:27:50 INFO Scheduled job executed.
2025-04-01 12:28:00 INFO Scheduled job executed.
2025-04-01 12:28:10 INFO System initialized successfully.
2025-04-01 12:28:20 INFO User login successful.
2025-04-01 12:28:30 INFO User login successful.
2025-04-01 12:28:40 INFO Disk space usage is normal.
2025-04-01 12:28:50 INFO Scheduled job executed.
2025-04-01 12:29:00 INFO Health check passed.
2025-04-01 12:29:10 INFO System initialized successfully.
2025-04-01 12:29:20 INFO Service response time within limits.
2025-04-01 12:29:30 INFO Disk space usage is normal.
2025-04-01 12:29:40 INFO Scheduled job executed.
2025-04-01 12:29:50 INFO User login successful.
2025-04-01 12:30:00 ERROR Disk I/O failure on /dev/sda1
2025-04-01 12:30:10 INFO Health check passed.
2025-04-01 12:30:20 INFO User login successful.
2025-04-01 12:30:30 INFO Service response time within limits.
2025-04-01 12:30:40 INFO User login successful.
2025-04-01 12:30:50 INFO Disk space usage is normal.
2025-04-01 12:31:00 INFO Service response time within limits.
2025-04-01 12:31:10 INFO Service response time within limits.
2025-04-01 12:31:20 INFO Disk space usage is normal.
2025-04-01 12:31:30 INFO Health check passed.
2025-04-01 12:31:40 INFO Service response time within limits.
2025-04-01 12:31:50 INFO Service response time within limits.
2025-04-01 12:32:00 INFO Health check passed.
2025-04-01 12:32:10 INFO Disk space usage is normal.
2025-04-01 12:32:20 INFO Disk space usage is normal.
2025-04-01 12:32:30 INFO System initialized successfully.
2025-04-01 12:32:40 INFO User login successful.
2025-04-01 12:32:50 INFO System initialized successfully.
2025-04-01 12:33:00 INFO User login successful.
2025-04-01 12:33:10 INFO System initialized successfully.