[2025-04-11 03:29:39] Heartbeat check OK
[2025-04-11 03:29:48] WARNING: High CPU usage on core 3
[2025-04-11 03:29:57] ALERT: Process killed due to OOM
[2025-04-11 03:30:07] Configuration loaded
[2025-04-11 03:30:11] Service started successfully
[2025-04-11 03:30:12] ALERT: Unexpected shutdown detected
[2025-04-11 03:30:14] User login successful
[2025-04-11 03:30:19] Email sent to user
[2025-04-11 03:30:21] File uploaded to server
[2025-04-11 03:30:27] User login successful
[2025-04-11 03:30:32] Database connection established
[2025-04-11 03:30:38] User login successful
[2025-04-11 03:30:39] API request processed
[2025-04-11 03:30:40] Health check passed
[2025-04-11 03:30:44] Health check passed
[2025-04-11 03:30:51] Scheduled backup completed
[2025-04-11 03:30:56] Health check passed
[2025-04-11 03:31:04] Email sent to user
[2025-04-11 03:31:05] WARNING: High CPU usage on core 3
[2025-04-11 03:31:10] Health check passed
[2025-04-11 03:31:11] Health check passed
[2025-04-11 03:31:18] Heartbeat check OK
[2025-04-11 03:31:22] Email sent to user
[2025-04-11 03:31:25] Database connection established
[2025-04-11 03:31:30] Database connection established
[2025-04-11 03:31:38] ERROR: Unable to load configuration file
[2025-04-11 03:31:45] File uploaded to server
[2025-04-11 03:31:55] File uploaded to server
[2025-04-11 03:31:57] Heartbeat check OK
[2025-04-11 03:31:59] Heartbeat check OK
[2025-04-11 03:32:04] Scheduled backup completed
[2025-04-11 03:32:14] File uploaded to server
[2025-04-11 03:32:19] CRITICAL: Application crashed unexpectedly
[2025-04-11 03:32:26] CRITICAL: Memory leak detected
[2025-04-11 03:32:33] CRITICAL: Application crashed unexpectedly
[2025-04-11 03:32:38] Database connection established
[2025-04-11 03:32:43] Database connection established
[2025-04-11 03:32:50] ERROR: Unable to load configuration file
[2025-04-11 03:32:51] File uploaded to server
[2025-04-11 03:32:56] API request processed
[2025-04-11 03:32:59] API request processed
[2025-04-11 03:33:04] CRITICAL: Application crashed unexpectedly
[2025-04-11 03:33:08] Scheduled backup completed
[2025-04-11 03:33:12] File uploaded to server
[2025-04-11 03:33:21] Database connection established
[2025-04-11 03:33:27] ERROR: Failed to connect to database
[2025-04-11 03:33:36] User login successful
[2025-04-11 03:33:42] ALERT: Unexpected shutdown detected
[2025-04-11 03:33:46] File uploaded to server
[2025-04-11 03:33:50] CRITICAL: Memory leak detected
[2025-04-11 03:33:52] CRITICAL: Application crashed unexpectedly
[2025-04-11 03:33:59] Configuration loaded
[2025-04-11 03:34:02] Health check passed
[2025-04-11 03:34:06] WARNING: High CPU usage on core 3
[2025-04-11 03:34:09] User login successful
[2025-04-11 03:34:17] ERROR: Failed to connect to database
[2025-04-11 03:34:21] CRITICAL: Application crashed unexpectedly
[2025-04-11 03:34:26] ERROR: Disk I/O failure on device sda1
[2025-04-11 03:34:32] Health check passed
[2025-04-11 03:34:41] Email sent to user
[2025-04-11 03:34:49] ERROR: Failed to connect to database
[2025-04-11 03:34:53] API request processed
[2025-04-11 03:34:54] Email sent to user
[2025-04-11 03:34:57] Service started successfully
[2025-04-11 03:35:07] API request processed
[2025-04-11 03:35:14] Health check passed
[2025-04-11 03:35:18] API request processed
[2025-04-11 03:35:28] Health check passed
[2025-04-11 03:35:33] Email sent to user
[2025-04-11 03:35:36] Email sent to user
[2025-04-11 03:35:43] User login successful
[2025-04-11 03:35:51] Health check passed
[2025-04-11 03:35:55] Health check passed
[2025-04-11 03:36:03] Service started successfully
[2025-04-11 03:36:12] Email sent to user
[2025-04-11 03:36:17] Scheduled backup completed
[2025-04-11 03:36:19] API request processed
[2025-04-11 03:36:22] Scheduled backup completed
[2025-04-11 03:36:24] Configuration loaded
[2025-04-11 03:36:28] Database connection established
[2025-04-11 03:36:35] Database connection established
[2025-04-11 03:36:42] File uploaded to server
[2025-04-11 03:36:43] Email sent to user
[2025-04-11 03:36:53] Email sent to user
[2025-04-11 03:36:54] SECURITY: Suspicious activity detected from IP 192.168.1.101
[2025-04-11 03:37:02] Database connection established
[2025-04-11 03:37:09] Health check passed
[2025-04-11 03:37:16] Heartbeat check OK
[2025-04-11 03:37:20] Email sent to user
[2025-04-11 03:37:24] Health check passed
[2025-04-11 03:37:28] Service started successfully
[2025-04-11 03:37:31] Health check passed
[2025-04-11 03:37:39] Health check passed
[2025-04-11 03:37:46] Scheduled backup completed
[2025-04-11 03:37:48] SECURITY: Suspicious activity detected from IP 192.168.1.101
[2025-04-11 03:37:57] Service started successfully
[2025-04-11 03:38:05] CRITICAL: Application crashed unexpectedly
[2025-04-11 03:38:09] CRITICAL: Application crashed unexpectedly
[2025-04-11 03:38:19] Configuration loaded
[2025-04-11 03:38:29] ALERT: Unexpected shutdown detected
[2025-04-11 03:38:30] Email sent to user
[2025-04-11 03:38:39] Health check passed
[2025-04-11 03:38:41] Heartbeat check OK
[2025-04-11 03:38:44] ALERT: Process killed due to OOM
[2025-04-11 03:38:48] Email sent to user
[2025-04-11 03:38:55] Configuration loaded
[2025-04-11 03:38:58] Heartbeat check OK
[2025-04-11 03:39:07] Email sent to user
[2025-04-11 03:39:12] ERROR: Failed to connect to database
[2025-04-11 03:39:16] Health check passed
[2025-04-11 03:39:23] Heartbeat check OK
[2025-04-11 03:39:26] SECURITY: Suspicious activity detected from IP 192.168.1.101
[2025-04-11 03:39:31] API request processed
[2025-04-11 03:39:36] Service started successfully
[2025-04-11 03:39:42] Database connection established
[2025-04-11 03:39:45] ALERT: Unexpected shutdown detected
[2025-04-11 03:39:52] API request processed
[2025-04-11 03:40:00] ALERT: Process killed due to OOM
[2025-04-11 03:40:08] ERROR: Disk I/O failure on device sda1
[2025-04-11 03:40:15] API request processed
[2025-04-11 03:40:22] Database connection established
[2025-04-11 03:40:25] User login successful
[2025-04-11 03:40:33] Email sent to user
[2025-04-11 03:40:41] ERROR: Unable to load configuration file
[2025-04-11 03:40:43] Email sent to user
[2025-04-11 03:40:44] Scheduled backup completed
[2025-04-11 03:40:52] Heartbeat check OK
[2025-04-11 03:40:56] WARNING: High CPU usage on core 3
[2025-04-11 03:41:06] API request processed
[2025-04-11 03:41:11] Service started successfully
[2025-04-11 03:41:14] Database connection established
[2025-04-11 03:41:17] Heartbeat check OK
[2025-04-11 03:41:25] CRITICAL: Application crashed unexpectedly
[2025-04-11 03:41:26] File uploaded to server
[2025-04-11 03:41:35] Database connection established
[2025-04-11 03:41:44] Configuration loaded
[2025-04-11 03:41:48] Scheduled backup completed
[2025-04-11 03:41:49] Configuration loaded
[2025-04-11 03:41:58] SECURITY: Unauthorized login attempt
[2025-04-11 03:42:04] ERROR: Disk I/O failure on device sda1
[2025-04-11 03:42:07] ERROR: Failed to connect to database
[2025-04-11 03:42:14] Email sent to user
[2025-04-11 03:42:24] Email sent to user
[2025-04-11 03:42:32] User login successful
[2025-04-11 03:42:42] Configuration loaded
[2025-04-11 03:42:51] Health check passed
[2025-04-11 03:42:58] API request processed
[2025-04-11 03:43:04] Scheduled backup completed
[2025-04-11 03:43:12] Email sent to user
[2025-04-11 03:43:20] CRITICAL: Memory leak detected
[2025-04-11 03:43:25] SECURITY: Suspicious activity detected from IP 192.168.1.101
[2025-04-11 03:43:26] Heartbeat check OK
[2025-04-11 03:43:28] File uploaded to server
[2025-04-11 03:43:38] Email sent to user
[2025-04-11 03:43:39] Health check passed
[2025-04-11 03:43:45] SECURITY: Suspicious activity detected from IP 192.168.1.101
[2025-04-11 03:43:55] User login successful
[2025-04-11 03:43:56] Database connection established
[2025-04-11 03:44:03] Database connection established
[2025-04-11 03:44:04] File uploaded to server
[2025-04-11 03:44:08] File uploaded to server
[2025-04-11 03:44:12] Email sent to user
[2025-04-11 03:44:14] Scheduled backup completed
[2025-04-11 03:44:20] ALERT: Process killed due to OOM
[2025-04-11 03:44:22] Email sent to user
[2025-04-11 03:44:24] Email sent to user
[2025-04-11 03:44:33] API request processed
[2025-04-11 03:44:35] Service started successfully
[2025-04-11 03:44:40] API request processed
[2025-04-11 03:44:42] User login successful
[2025-04-11 03:44:44] ALERT: Process killed due to OOM
[2025-04-11 03:44:45] User login successful
[2025-04-11 03:44:53] Health check passed
[2025-04-11 03:45:03] Heartbeat check OK
[2025-04-11 03:45:07] CRITICAL: Memory leak detected
[2025-04-11 03:45:08] WARNING: High CPU usage on core 3
[2025-04-11 03:45:16] ERROR: Failed to connect to database
[2025-04-11 03:45:26] ERROR: Disk I/O failure on device sda1
[2025-04-11 03:45:28] Health check passed
[2025-04-11 03:45:38] Email sent to user
[2025-04-11 03:45:44] Configuration loaded
[2025-04-11 03:45:49] Service started successfully
[2025-04-11 03:45:55] Database connection established
[2025-04-11 03:46:05] File uploaded to server
[2025-04-11 03:46:11] Health check passed
[2025-04-11 03:46:18] Scheduled backup completed
[2025-04-11 03:46:20] User login successful
[2025-04-11 03:46:25] User login successful
[2025-04-11 03:46:34] ERROR: Disk I/O failure on device sda1
[2025-04-11 03:46:39] API request processed
[2025-04-11 03:46:43] User login successful
[2025-04-11 03:46:51] Heartbeat check OK
[2025-04-11 03:46:53] Scheduled backup completed
[2025-04-11 03:46:57] User login successful
[2025-04-11 03:46:58] File uploaded to server
[2025-04-11 03:47:05] Email sent to user
[2025-04-11 03:47:11] SECURITY: Suspicious activity detected from IP 192.168.1.101
[2025-04-11 03:47:19] User login successful
[2025-04-11 03:47:23] Heartbeat check OK
[2025-04-11 03:47:27] Scheduled backup completed
[2025-04-11 03:47:28] Scheduled backup completed
[2025-04-11 03:47:31] SECURITY: Unauthorized login attempt
[2025-04-11 03:47:39] Health check passed
[2025-04-11 03:47:46] Heartbeat check OK
[2025-04-11 03:47:50] WARNING: High CPU usage on core 3
[2025-04-11 03:47:53] Configuration loaded
[2025-04-11 03:47:57] WARNING: High CPU usage on core 3
[2025-04-11 03:48:00] User login successful
[2025-04-11 03:48:10] Configuration loaded
[2025-04-11 03:48:11] Heartbeat check OK
[2025-04-11 03:48:12] Configuration loaded
[2025-04-11 03:48:13] Database connection established
[2025-04-11 03:48:16] CRITICAL: Application crashed unexpectedly
[2025-04-11 03:48:20] Email sent to user
[2025-04-11 03:48:27] Scheduled backup completed
[2025-04-11 03:48:31] Database connection established
[2025-04-11 03:48:32] Heartbeat check OK
[2025-04-11 03:48:42] Health check passed
[2025-04-11 03:48:49] File uploaded to server
[2025-04-11 03:48:55] Health check passed
[2025-04-11 03:48:56] Configuration loaded
[2025-04-11 03:49:03] Configuration loaded
[2025-04-11 03:49:04] Configuration loaded
[2025-04-11 03:49:06] Email sent to user
[2025-04-11 03:49:07] Service started successfully
[2025-04-11 03:49:11] Health check passed
[2025-04-11 03:49:20] Configuration loaded
[2025-04-11 03:49:24] Database connection established
[2025-04-11 03:49:31] Email sent to user
[2025-04-11 03:49:35] User login successful
[2025-04-11 03:49:43] API request processed
[2025-04-11 03:49:51] SECURITY: Unauthorized login attempt
[2025-04-11 03:49:58] Health check passed
[2025-04-11 03:50:06] Service started successfully
[2025-04-11 03:50:10] API request processed
[2025-04-11 03:50:16] Health check passed
[2025-04-11 03:50:22] Scheduled backup completed
[2025-04-11 03:50:27] User login successful
[2025-04-11 03:50:34] Service started successfully
[2025-04-11 03:50:39] User login successful
[2025-04-11 03:50:43] API request processed
[2025-04-11 03:50:52] SECURITY: Suspicious activity detected from IP 192.168.1.101
[2025-04-11 03:51:00] Service started successfully
[2025-04-11 03:51:09] Configuration loaded
[2025-04-11 03:51:16] User login successful
[2025-04-11 03:51:23] API request processed
[2025-04-11 03:51:30] User login successful
[2025-04-11 03:51:36] ERROR: Failed to connect to database
[2025-04-11 03:51:46] Configuration loaded
[2025-04-11 03:51:47] File uploaded to server
[2025-04-11 03:51:53] Health check passed
[2025-04-11 03:51:57] File uploaded to server
[2025-04-11 03:52:04] Configuration loaded
[2025-04-11 03:52:08] User login successful
[2025-04-11 03:52:14] ERROR: Failed to connect to database
[2025-04-11 03:52:16] Database connection established
[2025-04-11 03:52:24] User login successful
[2025-04-11 03:52:33] ALERT: Unexpected shutdown detected
[2025-04-11 03:52:35] Heartbeat check OK
[2025-04-11 03:52:37] Scheduled backup completed
[2025-04-11 03:52:42] SECURITY: Unauthorized login attempt
[2025-04-11 03:52:44] ALERT: Unexpected shutdown detected
[2025-04-11 03:52:45] File uploaded to server
[2025-04-11 03:52:51] File uploaded to server
[2025-04-11 03:52:53] Health check passed
[2025-04-11 03:52:59] Heartbeat check OK
[2025-04-11 03:53:09] Health check passed
[2025-04-11 03:53:15] Configuration loaded
[2025-04-11 03:53:24] Database connection established
[2025-04-11 03:53:25] Email sent to user
[2025-04-11 03:53:29] Service started successfully
[2025-04-11 03:53:32] API request processed
[2025-04-11 03:53:40] Heartbeat check OK
[2025-04-11 03:53:49] API request processed
[2025-04-11 03:53:59] Database connection established
[2025-04-11 03:54:04] User login successful
[2025-04-11 03:54:06] Scheduled backup completed
[2025-04-11 03:54:10] Heartbeat check OK
[2025-04-11 03:54:19] API request processed
[2025-04-11 03:54:25] ERROR: Disk I/O failure on device sda1
[2025-04-11 03:54:28] Heartbeat check OK
[2025-04-11 03:54:38] Database connection established
[2025-04-11 03:54:46] File uploaded to server
[2025-04-11 03:54:50] User login successful
[2025-04-11 03:54:58] API request processed
[2025-04-11 03:55:01] Heartbeat check OK
[2025-04-11 03:55:03] Service started successfully
[2025-04-11 03:55:11] Configuration loaded
[2025-04-11 03:55:14] Heartbeat check OK
[2025-04-11 03:55:19] Database connection established
[2025-04-11 03:55:25] Service started successfully
[2025-04-11 03:55:33] CRITICAL: Application crashed unexpectedly
[2025-04-11 03:55:37] Scheduled backup completed
[2025-04-11 03:55:45] Email sent to user
[2025-04-11 03:55:52] Service started successfully
[2025-04-11 03:55:59] Heartbeat check OK
[2025-04-11 03:56:05] Health check passed
[2025-04-11 03:56:11] Configuration loaded
[2025-04-11 03:56:18] User login successful
[2025-04-11 03:56:20] Configuration loaded
[2025-04-11 03:56:25] API request processed
[2025-04-11 03:56:29] File uploaded to server
[2025-04-11 03:56:34] ALERT: Unexpected shutdown detected
[2025-04-11 03:56:37] Email sent to user
[2025-04-11 03:56:47] API request processed
[2025-04-11 03:56:53] Configuration loaded
[2025-04-11 03:56:58] User login successful
[2025-04-11 03:57:01] Database connection established
[2025-04-11 03:57:02] API request processed
[2025-04-11 03:57:10] Heartbeat check OK
[2025-04-11 03:57:11] API request processed
[2025-04-11 03:57:21] API request processed
[2025-04-11 03:57:31] Heartbeat check OK
[2025-04-11 03:57:38] Email sent to user
[2025-04-11 03:57:45] Scheduled backup completed
[2025-04-11 03:57:51] Scheduled backup completed
[2025-04-11 03:58:00] User login successful
[2025-04-11 03:58:04] Configuration loaded
[2025-04-11 03:58:11] Database connection established
[2025-04-11 03:58:20] API request processed
[2025-04-11 03:58:26] ALERT: Unexpected shutdown detected
[2025-04-11 03:58:29] API request processed
[2025-04-11 03:58:32] Scheduled backup completed
[2025-04-11 03:58:33] ERROR: Failed to connect to database
[2025-04-11 03:58:42] Heartbeat check OK
[2025-04-11 03:58:48] Scheduled backup completed
[2025-04-11 03:58:55] Service started successfully
[2025-04-11 03:59:04] Heartbeat check OK
[2025-04-11 03:59:05] Scheduled backup completed
[2025-04-11 03:59:14] Scheduled backup completed
[2025-04-11 03:59:18] Configuration loaded
[2025-04-11 03:59:25] SECURITY: Suspicious activity detected from IP 192.168.1.101
[2025-04-11 03:59:32] API request processed
[2025-04-11 03:59:34] Configuration loaded
[2025-04-11 03:59:36] Email sent to user
[2025-04-11 03:59:41] API request processed
[2025-04-11 03:59:42] Email sent to user
[2025-04-11 03:59:43] File uploaded to server
[2025-04-11 03:59:45] ALERT: Unexpected shutdown detected
[2025-04-11 03:59:50] File uploaded to server
[2025-04-11 03:59:59] User login successful
[2025-04-11 04:00:01] API request processed
[2025-04-11 04:00:02] Health check passed
[2025-04-11 04:00:04] File uploaded to server
[2025-04-11 04:00:06] Heartbeat check OK
[2025-04-11 04:00:09] SECURITY: Suspicious activity detected from IP 192.168.1.101
[2025-04-11 04:00:15] SECURITY: Unauthorized login attempt
[2025-04-11 04:00:16] API request processed
[2025-04-11 04:00:18] File uploaded to server
[2025-04-11 04:00:21] API request processed
[2025-04-11 04:00:30] CRITICAL: Memory leak detected
[2025-04-11 04:00:33] Scheduled backup completed
[2025-04-11 04:00:34] Database connection established
[2025-04-11 04:00:44] Database connection established
[2025-04-11 04:00:46] ALERT: Unexpected shutdown detected
[2025-04-11 04:00:55] Heartbeat check OK
[2025-04-11 04:01:04] Configuration loaded
[2025-04-11 04:01:09] User login successful
[2025-04-11 04:01:18] User login successful
[2025-04-11 04:01:25] Email sent to user
[2025-04-11 04:01:32] Configuration loaded
[2025-04-11 04:01:38] File uploaded to server
[2025-04-11 04:01:43] Health check passed
[2025-04-11 04:01:44] Service started successfully
[2025-04-11 04:01:49] Configuration loaded
[2025-04-11 04:01:56] Configuration loaded
[2025-04-11 04:01:59] Scheduled backup completed
[2025-04-11 04:02:04] CRITICAL: Application crashed unexpectedly
[2025-04-11 04:02:14] File uploaded to server
[2025-04-11 04:02:19] Service started successfully
[2025-04-11 04:02:23] Email sent to user
[2025-04-11 04:02:32] SECURITY: Unauthorized login attempt
[2025-04-11 04:02:42] ALERT: Process killed due to OOM
[2025-04-11 04:02:50] Service started successfully
[2025-04-11 04:02:52] User login successful
[2025-04-11 04:03:01] Configuration loaded
[2025-04-11 04:03:05] File uploaded to server
[2025-04-11 04:03:06] ERROR: Disk I/O failure on device sda1
[2025-04-11 04:03:07] Heartbeat check OK
[2025-04-11 04:03:08] Heartbeat check OK
[2025-04-11 04:03:12] Service started successfully
[2025-04-11 04:03:17] Configuration loaded
[2025-04-11 04:03:22] Database connection established
[2025-04-11 04:03:23] Database connection established
[2025-04-11 04:03:29] CRITICAL: Application crashed unexpectedly
[2025-04-11 04:03:33] API request processed
[2025-04-11 04:03:37] File uploaded to server
[2025-04-11 04:03:41] Configuration loaded
[2025-04-11 04:03:50] Heartbeat check OK
[2025-04-11 04:03:56] Scheduled backup completed
[2025-04-11 04:04:00] File uploaded to server
[2025-04-11 04:04:03] Email sent to user
[2025-04-11 04:04:08] User login successful
[2025-04-11 04:04:12] Configuration loaded
[2025-04-11 04:04:17] API request processed
[2025-04-11 04:04:24] Email sent to user
[2025-04-11 04:04:25] Health check passed
[2025-04-11 04:04:31] Health check passed
[2025-04-11 04:04:39] Scheduled backup completed
[2025-04-11 04:04:41] Configuration loaded
[2025-04-11 04:04:44] User login successful
[2025-04-11 04:04:49] Heartbeat check OK
[2025-04-11 04:04:58] API request processed
[2025-04-11 04:05:00] Configuration loaded
[2025-04-11 04:05:10] Scheduled backup completed
[2025-04-11 04:05:11] User login successful
[2025-04-11 04:05:13] Database connection established
[2025-04-11 04:05:16] Scheduled backup completed
[2025-04-11 04:05:19] Service started successfully
[2025-04-11 04:05:24] Service started successfully
[2025-04-11 04:05:27] SECURITY: Suspicious activity detected from IP 192.168.1.101
[2025-04-11 04:05:30] Heartbeat check OK
[2025-04-11 04:05:31] ALERT: Unexpected shutdown detected
[2025-04-11 04:05:35] API request processed
[2025-04-11 04:05:45] API request processed
[2025-04-11 04:05:51] Email sent to user
[2025-04-11 04:05:58] Database connection established
[2025-04-11 04:06:02] Email sent to user
[2025-04-11 04:06:10] Database connection established
[2025-04-11 04:06:13] File uploaded to server
[2025-04-11 04:06:18] SECURITY: Suspicious activity detected from IP 192.168.1.101
[2025-04-11 04:06:25] Email sent to user
[2025-04-11 04:06:35] Database connection established
[2025-04-11 04:06:38] API request processed
[2025-04-11 04:06:42] Email sent to user
[2025-04-11 04:06:51] API request processed
[2025-04-11 04:06:56] Health check passed
[2025-04-11 04:07:04] File uploaded to server
[2025-04-11 04:07:09] Email sent to user
[2025-04-11 04:07:11] Email sent to user
[2025-04-11 04:07:12] CRITICAL: Memory leak detected
[2025-04-11 04:07:13] File uploaded to server
[2025-04-11 04:07:19] File uploaded to server
[2025-04-11 04:07:28] API request processed
[2025-04-11 04:07:36] User login successful
[2025-04-11 04:07:44] Scheduled backup completed
[2025-04-11 04:07:46] Service started successfully
[2025-04-11 04:07:54] Health check passed
[2025-04-11 04:07:57] Configuration loaded
[2025-04-11 04:08:02] User login successful
[2025-04-11 04:08:05] Configuration loaded
[2025-04-11 04:08:06] WARNING: High CPU usage on core 3
[2025-04-11 04:08:10] Service started successfully
[2025-04-11 04:08:15] Email sent to user
[2025-04-11 04:08:20] File uploaded to server
[2025-04-11 04:08:21] CRITICAL: Application crashed unexpectedly
[2025-04-11 04:08:23] Database connection established
[2025-04-11 04:08:28] Database connection established
[2025-04-11 04:08:31] Health check passed
[2025-04-11 04:08:38] API request processed
[2025-04-11 04:08:41] CRITICAL: Application crashed unexpectedly
[2025-04-11 04:08:47] Scheduled backup completed
[2025-04-11 04:08:52] Heartbeat check OK
[2025-04-11 04:08:59] ERROR: Failed to connect to database
[2025-04-11 04:09:01] ERROR: Failed to connect to database
[2025-04-11 04:09:09] WARNING: High CPU usage on core 3
[2025-04-11 04:09:19] Email sent to user
[2025-04-11 04:09:28] Database connection established
[2025-04-11 04:09:34] Configuration loaded
[2025-04-11 04:09:40] ERROR: Failed to connect to database
[2025-04-11 04:09:48] Health check passed
[2025-04-11 04:09:55] ALERT: Unexpected shutdown detected
[2025-04-11 04:10:05] CRITICAL: Application crashed unexpectedly
[2025-04-11 04:10:14] Health check passed
[2025-04-11 04:10:23] Configuration loaded
[2025-04-11 04:10:33] Scheduled backup completed
[2025-04-11 04:10:37] Health check passed
[2025-04-11 04:10:43] ALERT: Unexpected shutdown detected
[2025-04-11 04:10:47] ERROR: Unable to load configuration file
[2025-04-11 04:10:49] Configuration loaded
[2025-04-11 04:10:55] ERROR: Disk I/O failure on device sda1
[2025-04-11 04:10:57] Configuration loaded
[2025-04-11 04:11:03] File uploaded to server
[2025-04-11 04:11:07] ERROR: Failed to connect to database
[2025-04-11 04:11:09] Heartbeat check OK
[2025-04-11 04:11:10] User login successful
[2025-04-11 04:11:20] Health check passed
[2025-04-11 04:11:24] ERROR: Unable to load configuration file
[2025-04-11 04:11:33] File uploaded to server
[2025-04-11 04:11:42] File uploaded to server
[2025-04-11 04:11:46] CRITICAL: Application crashed unexpectedly
[2025-04-11 04:11:51] Configuration loaded
[2025-04-11 04:11:56] Email sent to user
[2025-04-11 04:12:06] ERROR: Unable to load configuration file
[2025-04-11 04:12:14] CRITICAL: Memory leak detected
[2025-04-11 04:12:17] Email sent to user
[2025-04-11 04:12:23] ERROR: Failed to connect to database
[2025-04-11 04:12:33] User login successful
[2025-04-11 04:12:43] Scheduled backup completed
[2025-04-11 04:12:47] SECURITY: Suspicious activity detected from IP 192.168.1.101
[2025-04-11 04:12:57] Service started successfully
[2025-04-11 04:13:04] API request processed
[2025-04-11 04:13:11] ERROR: Failed to connect to database
[2025-04-11 04:13:13] Health check passed
[2025-04-11 04:13:18] Email sent to user
[2025-04-11 04:13:20] Email sent to user
[2025-04-11 04:13:24] SECURITY: Unauthorized login attempt
[2025-04-11 04:13:30] Heartbeat check OK
[2025-04-11 04:13:38] User login successful
[2025-04-11 04:13:46] ERROR: Failed to connect to database