[2025-04-11 10:02:00] DEBUG Job scheduled: job656
[2025-04-11 10:24:04] DEBUG Cache hit for item 520
[2025-04-11 10:58:56] DEBUG User logged in: user813
[2025-04-11 11:22:35] DEBUG Job scheduled: job937
[2025-04-11 10:20:04] DEBUG Order processed: order116
[2025-04-11 10:45:03] INFO Order processed: order45
[2025-04-11 10:44:02] CRITICAL High latency detected in service275
[2025-04-11 10:36:55] DEBUG Job scheduled: job530
[2025-04-11 11:32:25] INFO File uploaded: file762.txt
[2025-04-11 10:23:30] INFO Heartbeat received from node680
[2025-04-11 11:15:56] DEBUG Order processed: order930
[2025-04-11 10:06:09] DEBUG Session started for user692
[2025-04-11 10:16:20] DEBUG Data fetched from service582
[2025-04-11 10:16:20] DEBUG Cache hit for item 887
[2025-04-11 10:09:01] DEBUG Session started for user750
[2025-04-11 11:45:15] CRITICAL Disk space critically low: 100% used
[2025-04-11 11:48:20] WARNING Disk space critically low: 93% used
[2025-04-11 11:27:32] WARNING Unauthorized access attempt detected
[2025-04-11 10:23:29] WARNING File not found: config.yaml
[2025-04-11 10:19:54] DEBUG User logged in: user55
[2025-04-11 10:03:38] INFO Order processed: order159
[2025-04-11 10:50:05] INFO Job scheduled: job585
[2025-04-11 10:21:10] INFO Session started for user598
[2025-04-11 10:16:36] DEBUG Job scheduled: job300
[2025-04-11 11:02:30] INFO File uploaded: file243.txt
[2025-04-11 10:23:18] DEBUG Order processed: order36
[2025-04-11 10:38:30] DEBUG User logged in: user597
[2025-04-11 10:44:09] DEBUG Data fetched from service575
[2025-04-11 11:25:15] INFO Session started for user367
[2025-04-11 11:39:16] CRITICAL Database connection lost
[2025-04-11 10:12:54] INFO Cache hit for item 688
[2025-04-11 10:08:34] INFO Job scheduled: job637
[2025-04-11 10:37:00] DEBUG Heartbeat received from node382
[2025-04-11 10:06:47] DEBUG Session started for user276
[2025-04-11 11:05:24] DEBUG Session started for user520
[2025-04-11 10:34:39] DEBUG Order processed: order199
[2025-04-11 11:44:55] WARNING High latency detected in service949
[2025-04-11 11:31:05] INFO Session started for user381
[2025-04-11 10:01:48] INFO File uploaded: file22.txt
[2025-04-11 11:39:55] INFO Job scheduled: job840
[2025-04-11 11:46:25] ERROR Disk space critically low: 100% used
[2025-04-11 10:10:21] INFO Job scheduled: job826
[2025-04-11 10:17:07] INFO Cache hit for item 374
[2025-04-11 10:35:39] INFO Order processed: order917
[2025-04-11 10:10:52] INFO Job scheduled: job22
[2025-04-11 10:24:28] INFO Cache hit for item 41
[2025-04-11 10:01:48] DEBUG Data fetched from service716
[2025-04-11 10:09:58] DEBUG Job scheduled: job83
[2025-04-11 10:11:46] DEBUG Cache hit for item 739
[2025-04-11 10:02:14] INFO User logged in: user504
[2025-04-11 10:55:55] INFO Order processed: order643
[2025-04-11 10:39:03] INFO Session started for user899
[2025-04-11 10:29:18] DEBUG Cache hit for item 183
[2025-04-11 10:20:22] CRITICAL Unusual memory usage detected: 88%
[2025-04-11 11:42:25] WARNING Disk space critically low: 96% used
[2025-04-11 11:19:05] DEBUG Data fetched from service165
[2025-04-11 10:13:04] DEBUG User logged in: user675
[2025-04-11 10:04:38] INFO Session started for user814
[2025-04-11 10:24:00] INFO File uploaded: file607.txt
[2025-04-11 10:23:20] INFO Order processed: order675
[2025-04-11 10:34:44] INFO Order processed: order195
[2025-04-11 10:14:05] DEBUG User logged in: user544
[2025-04-11 10:01:45] DEBUG Data fetched from service435
[2025-04-11 10:46:28] DEBUG User logged in: user580
[2025-04-11 10:36:36] DEBUG File uploaded: file519.txt
[2025-04-11 10:03:06] INFO Job scheduled: job758
[2025-04-11 10:08:11] DEBUG Data fetched from service408
[2025-04-11 10:15:20] INFO Heartbeat received from node488
[2025-04-11 10:18:30] DEBUG Data fetched from service380
[2025-04-11 10:54:42] INFO Job scheduled: job183
[2025-04-11 10:15:16] INFO Cache hit for item 146
[2025-04-11 10:01:09] INFO User logged in: user663
[2025-04-11 11:07:30] WARNING High latency detected in service430
[2025-04-11 11:54:35] WARNING File not found: config.yaml
[2025-04-11 11:14:10] INFO File uploaded: file874.txt
[2025-04-11 11:13:45] DEBUG Cache hit for item 535
[2025-04-11 10:10:40] DEBUG File uploaded: file905.txt
[2025-04-11 10:08:52] INFO User logged in: user385
[2025-04-11 10:13:10] DEBUG Cache hit for item 665
[2025-04-11 11:56:40] ERROR File not found: config.yaml
[2025-04-11 10:23:34] CRITICAL Failed login attempt: admin from IP 192.168.0.240
[2025-04-11 10:23:42] CRITICAL Unusual memory usage detected: 95%
[2025-04-11 11:20:04] ERROR Unusual memory usage detected: 96%
[2025-04-11 11:28:44] ERROR Unauthorized access attempt detected
[2025-04-11 10:02:12] DEBUG Heartbeat received from node222
[2025-04-11 10:21:52] CRITICAL Database connection lost
[2025-04-11 11:57:20] CRITICAL System rebooted unexpectedly
[2025-04-11 11:14:00] DEBUG Session started for user619
[2025-04-11 10:05:15] DEBUG Cache hit for item 456
[2025-04-11 11:02:50] INFO Order processed: order269
[2025-04-11 10:58:12] DEBUG Heartbeat received from node754
[2025-04-11 10:05:08] DEBUG Cache hit for item 457
[2025-04-11 10:47:44] DEBUG Session started for user991
[2025-04-11 10:34:50] DEBUG User logged in: user470
[2025-04-11 10:10:55] INFO Session started for user928
[2025-04-11 10:14:22] INFO Job scheduled: job901
[2025-04-11 10:00:24] INFO User logged in: user902
[2025-04-11 10:51:57] INFO Session started for user494
[2025-04-11 10:04:13] DEBUG Job scheduled: job483
[2025-04-11 10:04:00] DEBUG Data fetched from service770
[2025-04-11 10:13:09] DEBUG Job scheduled: job543
[2025-04-11 10:13:16] DEBUG File uploaded: file750.txt
[2025-04-11 10:39:48] DEBUG Job scheduled: job614
[2025-04-11 10:20:57] WARNING File not found: config.yaml
[2025-04-11 11:42:45] ERROR Unauthorized access attempt detected
[2025-04-11 10:27:50] INFO Heartbeat received from node630
[2025-04-11 12:00:45] CRITICAL System rebooted unexpectedly
[2025-04-11 10:00:55] DEBUG Session started for user3
[2025-04-11 10:14:14] INFO Data fetched from service370
[2025-04-11 10:11:39] INFO Cache hit for item 83
[2025-04-11 10:45:50] DEBUG Heartbeat received from node956
[2025-04-11 10:06:12] DEBUG Cache hit for item 79
[2025-04-11 10:42:48] INFO Session started for user772
[2025-04-11 10:45:24] DEBUG Job scheduled: job327
[2025-04-11 11:46:35] CRITICAL Disk space critically low: 87% used
[2025-04-11 10:18:18] DEBUG Heartbeat received from node981
[2025-04-11 10:30:45] DEBUG Data fetched from service782
[2025-04-11 10:09:30] DEBUG Data fetched from service213
[2025-04-11 10:00:16] DEBUG Cache hit for item 699
[2025-04-11 10:07:05] INFO Data fetched from service773
[2025-04-11 11:11:08] DEBUG Heartbeat received from node925
[2025-04-11 10:27:54] INFO Heartbeat received from node879
[2025-04-11 10:21:00] INFO File uploaded: file451.txt
[2025-04-11 11:33:45] INFO Data fetched from service428
[2025-04-11 10:09:51] INFO File uploaded: file606.txt
[2025-04-11 10:10:46] INFO Session started for user163
[2025-04-11 10:31:58] DEBUG File uploaded: file907.txt
[2025-04-11 10:53:54] DEBUG Order processed: order897
[2025-04-11 10:56:20] INFO Job scheduled: job894
