[2025-04-11 10:02:00] DEBUG Job scheduled: job656
[2025-04-11 10:24:04] DEBUG Cache hit for item 520
[2025-04-11 10:58:56] DEBUG User logged in: user813
[2025-04-11 11:22:35] DEBUG Job scheduled: job937
[2025-04-11 10:20:04] DEBUG Order processed: order116
[2025-04-11 10:45:03] INFO Order processed: order45
[2025-04-11 10:44:02] CRITICAL High latency detected in service275
[2025-04-11 10:36:55] DEBUG Job scheduled: job530
[2025-04-11 11:32:25] INFO File uploaded: file762.txt
[2025-04-11 10:23:30] INFO Heartbeat received from node680
[2025-04-11 11:15:56] DEBUG Order processed: order930
[2025-04-11 10:06:09] DEBUG Session started for user692
[2025-04-11 10:16:20] DEBUG Data fetched from service582
[2025-04-11 10:16:20] DEBUG Cache hit for item 887
[2025-04-11 10:09:01] DEBUG Session started for user750
[2025-04-11 11:45:15] CRITICAL Disk space critically low: 100% used
[2025-04-11 11:48:20] WARNING Disk space critically low: 93% used
[2025-04-11 11:27:32] WARNING Unauthorized access attempt detected
[2025-04-11 10:23:29] WARNING File not found: config.yaml
[2025-04-11 10:19:54] DEBUG User logged in: user55
[2025-04-11 10:03:38] INFO Order processed: order159
[2025-04-11 10:50:05] INFO Job scheduled: job585
[2025-04-11 10:21:10] INFO Session started for user598
[2025-04-11 10:16:36] DEBUG Job scheduled: job300
[2025-04-11 11:02:30] INFO File uploaded: file243.txt
[2025-04-11 10:23:18] DEBUG Order processed: order36
[2025-04-11 10:38:30] DEBUG User logged in: user597
[2025-04-11 10:44:09] DEBUG Data fetched from service575
[2025-04-11 11:25:15] INFO Session started for user367
[2025-04-11 11:39:16] CRITICAL Database connection lost
[2025-04-11 10:12:54] INFO Cache hit for item 688
[2025-04-11 10:08:34] INFO Job scheduled: job637
[2025-04-11 10:37:00] DEBUG Heartbeat received from node382
[2025-04-11 10:06:47] DEBUG Session started for user276
[2025-04-11 11:05:24] DEBUG Session started for user520
[2025-04-11 10:34:39] DEBUG Order processed: order199
[2025-04-11 11:44:55] WARNING High latency detected in service949
[2025-04-11 11:31:05] INFO Session started for user381
[2025-04-11 10:01:48] INFO File uploaded: file22.txt
[2025-04-11 11:39:55] INFO Job scheduled: job840
[2025-04-11 11:46:25] ERROR Disk space critically low: 100% used
[2025-04-11 10:10:21] INFO Job scheduled: job826
[2025-04-11 10:17:07] INFO Cache hit for item 374
[2025-04-11 10:35:39] INFO Order processed: order917
[2025-04-11 10:10:52] INFO Job scheduled: job22
[2025-04-11 10:24:28] INFO Cache hit for item 41
[2025-04-11 10:01:48] DEBUG Data fetched from service716
[2025-04-11 10:09:58] DEBUG Job scheduled: job83
[2025-04-11 10:11:46] DEBUG Cache hit for item 739
[2025-04-11 10:02:14] INFO User logged in: user504
[2025-04-11 10:55:55] INFO Order processed: order643
[2025-04-11 10:39:03] INFO Session started for user899
[2025-04-11 10:29:18] DEBUG Cache hit for item 183
[2025-04-11 10:20:22] CRITICAL Unusual memory usage detected: 88%
[2025-04-11 11:42:25] WARNING Disk space critically low: 96% used
[2025-04-11 11:19:05] DEBUG Data fetched from service165
[2025-04-11 10:13:04] DEBUG User logged in: user675
[2025-04-11 10:04:38] INFO Session started for user814
[2025-04-11 10:24:00] INFO File uploaded: file607.txt
[2025-04-11 10:23:20] INFO Order processed: order675
[2025-04-11 10:34:44] INFO Order processed: order195
[2025-04-11 10:14:05] DEBUG User logged in: user544
[2025-04-11 10:01:45] DEBUG Data fetched from service435
[2025-04-11 10:46:28] DEBUG User logged in: user580
[2025-04-11 10:36:36] DEBUG File uploaded: file519.txt
[2025-04-11 10:03:06] INFO Job scheduled: job758
[2025-04-11 10:08:11] DEBUG Data fetched from service408
[2025-04-11 10:15:20] INFO Heartbeat received from node488
[2025-04-11 10:18:30] DEBUG Data fetched from service380
[2025-04-11 10:54:42] INFO Job scheduled: job183
[2025-04-11 10:15:16] INFO Cache hit for item 146
[2025-04-11 10:01:09] INFO User logged in: user663
[2025-04-11 11:07:30] WARNING High latency detected in service430
[2025-04-11 11:54:35] WARNING File not found: config.yaml
[2025-04-11 11:14:10] INFO File uploaded: file874.txt
[2025-04-11 11:13:45] DEBUG Cache hit for item 535
[2025-04-11 10:10:40] DEBUG File uploaded: file905.txt
[2025-04-11 10:08:52] INFO User logged in: user385
[2025-04-11 10:13:10] DEBUG Cache hit for item 665
[2025-04-11 11:56:40] ERROR File not found: config.yaml
[2025-04-11 10:23:34] CRITICAL Failed login attempt: admin from IP 192.168.0.240
[2025-04-11 10:23:42] CRITICAL Unusual memory usage detected: 95%
[2025-04-11 11:20:04] ERROR Unusual memory usage detected: 96%
[2025-04-11 11:28:44] ERROR Unauthorized access attempt detected
[2025-04-11 10:02:12] DEBUG Heartbeat received from node222
[2025-04-11 10:21:52] CRITICAL Database connection lost
[2025-04-11 11:57:20] CRITICAL System rebooted unexpectedly
[2025-04-11 11:14:00] DEBUG Session started for user619
[2025-04-11 10:05:15] DEBUG Cache hit for item 456
[2025-04-11 11:02:50] INFO Order processed: order269
[2025-04-11 10:58:12] DEBUG Heartbeat received from node754
[2025-04-11 10:05:08] DEBUG Cache hit for item 457
[2025-04-11 10:47:44] DEBUG Session started for user991
[2025-04-11 10:34:50] DEBUG User logged in: user470
[2025-04-11 10:10:55] INFO Session started for user928
[2025-04-11 10:14:22] INFO Job scheduled: job901
[2025-04-11 10:00:24] INFO User logged in: user902
[2025-04-11 10:51:57] INFO Session started for user494
[2025-04-11 10:04:13] DEBUG Job scheduled: job483
[2025-04-11 10:04:00] DEBUG Data fetched from service770
[2025-04-11 10:13:09] DEBUG Job scheduled: job543
[2025-04-11 10:13:16] DEBUG File uploaded: file750.txt
[2025-04-11 10:39:48] DEBUG Job scheduled: job614
[2025-04-11 10:20:57] WARNING File not found: config.yaml
[2025-04-11 11:42:45] ERROR Unauthorized access attempt detected
[2025-04-11 10:27:50] INFO Heartbeat received from node630
[2025-04-11 12:00:45] CRITICAL System rebooted unexpectedly
[2025-04-11 10:00:55] DEBUG Session started for user3
[2025-04-11 10:14:14] INFO Data fetched from service370
[2025-04-11 10:11:39] INFO Cache hit for item 83
[2025-04-11 10:45:50] DEBUG Heartbeat received from node956
[2025-04-11 10:06:12] DEBUG Cache hit for item 79
[2025-04-11 10:42:48] INFO Session started for user772
[2025-04-11 10:45:24] DEBUG Job scheduled: job327
[2025-04-11 11:46:35] CRITICAL Disk space critically low: 87% used
[2025-04-11 10:18:18] DEBUG Heartbeat received from node981
[2025-04-11 10:30:45] DEBUG Data fetched from service782
[2025-04-11 10:09:30] DEBUG Data fetched from service213
[2025-04-11 10:00:16] DEBUG Cache hit for item 699
[2025-04-11 10:07:05] INFO Data fetched from service773
[2025-04-11 11:11:08] DEBUG Heartbeat received from node925
[2025-04-11 10:27:54] INFO Heartbeat received from node879
[2025-04-11 10:21:00] INFO File uploaded: file451.txt
[2025-04-11 11:33:45] INFO Data fetched from service428
[2025-04-11 10:09:51] INFO File uploaded: file606.txt
[2025-04-11 10:10:46] INFO Session started for user163
[2025-04-11 10:31:58] DEBUG File uploaded: file907.txt
[2025-04-11 10:53:54] DEBUG Order processed: order897
[2025-04-11 10:56:20] INFO Job scheduled: job894
[2025-04-11 10:24:32] DEBUG Session started for user794
[2025-04-11 11:11:05] DEBUG Heartbeat received from node383
[2025-04-11 10:17:12] DEBUG Job scheduled: job757
[2025-04-11 10:08:45] INFO Cache hit for item 807
[2025-04-11 10:23:45] DEBUG Cache hit for item 763
[2025-04-11 12:03:20] CRITICAL Failed login attempt: admin from IP 192.168.0.638
[2025-04-11 10:05:14] DEBUG File uploaded: file417.txt
[2025-04-11 10:46:46] CRITICAL File not found: config.yaml
[2025-04-11 11:40:20] CRITICAL System rebooted unexpectedly
[2025-04-11 10:18:00] INFO File uploaded: file796.txt
[2025-04-11 10:18:00] DEBUG Session started for user670
[2025-04-11 10:06:12] INFO Session started for user845
[2025-04-11 10:49:22] WARNING High latency detected in service980
[2025-04-11 10:37:00] DEBUG Heartbeat received from node969
[2025-04-11 10:02:05] DEBUG Heartbeat received from node397
[2025-04-11 10:09:48] INFO Job scheduled: job899
[2025-04-11 10:08:20] DEBUG File uploaded: file533.txt
[2025-04-11 10:15:44] INFO Job scheduled: job531
[2025-04-11 10:09:22] INFO Heartbeat received from node732
[2025-04-11 10:26:48] INFO File uploaded: file584.txt
[2025-04-11 10:45:36] DEBUG Session started for user873
[2025-04-11 10:12:42] DEBUG User logged in: user749
[2025-04-11 10:10:03] DEBUG Order processed: order349
[2025-04-11 10:54:15] INFO Job scheduled: job851
[2025-04-11 10:07:26] DEBUG Session started for user115
[2025-04-11 11:09:21] CRITICAL System rebooted unexpectedly
[2025-04-11 10:44:40] ERROR Database connection lost
[2025-04-11 10:34:28] INFO Job scheduled: job462
[2025-04-11 10:17:20] DEBUG Cache hit for item 119
[2025-04-11 12:03:50] WARNING File not found: config.yaml
[2025-04-11 10:15:10] INFO Data fetched from service302
[2025-04-11 10:23:59] CRITICAL Unusual memory usage detected: 91%
[2025-04-11 11:57:05] ERROR High latency detected in service698
[2025-04-11 10:24:05] DEBUG File uploaded: file541.txt
[2025-04-11 10:58:36] INFO Cache hit for item 578
[2025-04-11 11:01:51] ERROR Database connection lost
[2025-04-11 10:07:27] DEBUG File uploaded: file650.txt
[2025-04-11 10:27:52] INFO User logged in: user982
[2025-04-11 10:02:06] DEBUG User logged in: user370
[2025-04-11 10:00:21] INFO Heartbeat received from node537
[2025-04-11 11:23:05] INFO File uploaded: file960.txt
[2025-04-11 10:04:08] INFO Order processed: order208
[2025-04-11 10:40:06] DEBUG Order processed: order136
[2025-04-11 10:03:00] INFO Heartbeat received from node898
[2025-04-11 11:34:20] INFO Data fetched from service956
[2025-04-11 10:22:22] ERROR Unauthorized access attempt detected
[2025-04-11 10:01:10] DEBUG Cache hit for item 746
[2025-04-11 11:52:25] CRITICAL Unauthorized access attempt detected
[2025-04-11 10:48:45] INFO Order processed: order531
[2025-04-11 10:23:44] INFO Heartbeat received from node769
[2025-04-11 10:40:56] ERROR System rebooted unexpectedly
[2025-04-11 11:32:20] INFO Order processed: order276
[2025-04-11 11:46:55] WARNING Database connection lost
[2025-04-11 10:18:15] INFO Cache hit for item 633
[2025-04-11 10:23:06] INFO Job scheduled: job905
[2025-04-11 10:16:10] DEBUG Session started for user338
[2025-04-11 11:01:52] INFO Cache hit for item 842
[2025-04-11 10:16:06] INFO Cache hit for item 724
[2025-04-11 10:24:07] WARNING Failed login attempt: admin from IP 192.168.0.580
[2025-04-11 11:42:15] ERROR File not found: config.yaml
[2025-04-11 11:10:12] ERROR High latency detected in service939
[2025-04-11 10:03:51] INFO User logged in: user704
[2025-04-11 10:02:46] INFO Order processed: order826
[2025-04-11 10:32:18] DEBUG File uploaded: file610.txt
[2025-04-11 10:32:15] INFO Order processed: order288
[2025-04-11 10:40:18] INFO Heartbeat received from node444
[2025-04-11 10:43:26] WARNING Disk space critically low: 100% used
[2025-04-11 10:39:45] INFO Session started for user171
[2025-04-11 11:15:25] DEBUG Cache hit for item 142
[2025-04-11 10:49:52] DEBUG Job scheduled: job593
[2025-04-11 10:33:40] DEBUG Cache hit for item 351
[2025-04-11 10:23:21] WARNING Failed login attempt: admin from IP 192.168.0.140
[2025-04-11 10:59:21] DEBUG Cache hit for item 1
[2025-04-11 10:57:12] INFO File uploaded: file737.txt
[2025-04-11 10:06:52] DEBUG User logged in: user151
[2025-04-11 12:04:55] CRITICAL Failed login attempt: admin from IP 192.168.0.843
[2025-04-11 10:08:36] INFO Heartbeat received from node178
[2025-04-11 10:16:49] DEBUG File uploaded: file943.txt
[2025-04-11 10:31:36] INFO Session started for user230
[2025-04-11 12:00:10] ERROR Disk space critically low: 95% used
[2025-04-11 10:27:00] DEBUG Order processed: order460
[2025-04-11 10:06:48] DEBUG Job scheduled: job604
[2025-04-11 10:00:24] DEBUG Data fetched from service317
[2025-04-11 11:13:21] ERROR System rebooted unexpectedly
[2025-04-11 10:14:20] DEBUG Cache hit for item 343
[2025-04-11 11:59:20] WARNING Database connection lost
[2025-04-11 10:13:12] DEBUG Order processed: order709
[2025-04-11 10:30:24] INFO Cache hit for item 683
[2025-04-11 10:18:11] DEBUG User logged in: user379
[2025-04-11 10:58:24] DEBUG Data fetched from service963
[2025-04-11 10:34:25] DEBUG File uploaded: file534.txt
[2025-04-11 10:01:59] DEBUG Job scheduled: job771
[2025-04-11 11:02:40] INFO Job scheduled: job935
[2025-04-11 10:25:54] INFO User logged in: user670
[2025-04-11 11:17:52] DEBUG Cache hit for item 939
[2025-04-11 11:12:55] INFO Heartbeat received from node861
[2025-04-11 10:12:37] INFO User logged in: user172
[2025-04-11 10:41:00] ERROR System rebooted unexpectedly
[2025-04-11 11:32:55] INFO User logged in: user328
[2025-04-11 11:05:55] DEBUG Session started for user857
[2025-04-11 10:38:00] DEBUG Data fetched from service17
[2025-04-11 11:46:45] WARNING Disk space critically low: 99% used
[2025-04-11 11:49:15] WARNING System rebooted unexpectedly
[2025-04-11 11:30:56] CRITICAL Failed login attempt: admin from IP 192.168.0.835
[2025-04-11 10:06:22] DEBUG Order processed: order605
[2025-04-11 10:07:04] DEBUG User logged in: user99
[2025-04-11 10:30:42] INFO Session started for user527
[2025-04-11 11:04:10] INFO Order processed: order201
[2025-04-11 10:21:34] WARNING Unauthorized access attempt detected
[2025-04-11 11:22:36] ERROR Disk space critically low: 95% used
[2025-04-11 10:47:40] ERROR Failed login attempt: admin from IP 192.168.0.625
[2025-04-11 10:32:16] DEBUG Session started for user818
[2025-04-11 10:24:48] CRITICAL File not found: config.yaml
[2025-04-11 11:02:25] DEBUG Cache hit for item 561
[2025-04-11 11:06:40] DEBUG Data fetched from service1
[2025-04-11 10:11:09] DEBUG Job scheduled: job44
[2025-04-11 11:08:36] INFO Job scheduled: job44
[2025-04-11 11:04:40] DEBUG Data fetched from service587
[2025-04-11 10:21:14] DEBUG Heartbeat received from node963
[2025-04-11 10:06:20] DEBUG User logged in: user729
[2025-04-11 10:13:25] DEBUG File uploaded: file155.txt
[2025-04-11 10:21:07] CRITICAL High latency detected in service101
[2025-04-11 10:30:28] DEBUG Session started for user873
[2025-04-11 10:56:00] INFO Heartbeat received from node662
[2025-04-11 11:06:05] DEBUG Data fetched from service887
[2025-04-11 11:11:20] DEBUG Data fetched from service349
[2025-04-11 11:22:24] WARNING Failed login attempt: admin from IP 192.168.0.338
[2025-04-11 10:25:24] INFO Data fetched from service394
[2025-04-11 10:01:32] INFO Session started for user110
[2025-04-11 10:32:00] INFO Heartbeat received from node388
[2025-04-11 10:42:00] INFO File uploaded: file563.txt
[2025-04-11 10:38:22] DEBUG Data fetched from service959
[2025-04-11 11:27:35] DEBUG Cache hit for item 444
[2025-04-11 11:00:06] WARNING File not found: config.yaml
[2025-04-11 10:01:42] INFO Heartbeat received from node187
[2025-04-11 10:43:32] DEBUG Heartbeat received from node430
[2025-04-11 10:17:48] DEBUG Job scheduled: job684
[2025-04-11 11:18:45] DEBUG Data fetched from service856
[2025-04-11 11:28:15] INFO Cache hit for item 548
[2025-04-11 10:35:24] INFO Order processed: order802
[2025-04-11 10:50:15] DEBUG Data fetched from service609
[2025-04-11 10:18:20] DEBUG Data fetched from service331
[2025-04-11 10:58:25] DEBUG Data fetched from service880
[2025-04-11 10:03:12] DEBUG Data fetched from service430
[2025-04-11 10:28:30] INFO Order processed: order522
[2025-04-11 11:36:44] CRITICAL File not found: config.yaml
[2025-04-11 11:06:12] WARNING System rebooted unexpectedly
[2025-04-11 10:11:56] DEBUG Data fetched from service218
[2025-04-11 10:57:35] DEBUG User logged in: user800
[2025-04-11 10:14:10] INFO File uploaded: file46.txt
[2025-04-11 10:14:17] INFO Session started for user262
[2025-04-11 10:14:21] INFO Session started for user688
[2025-04-11 11:31:50] INFO Session started for user121
[2025-04-11 10:22:14] ERROR Failed login attempt: admin from IP 192.168.0.727
[2025-04-11 10:28:21] INFO User logged in: user404
[2025-04-11 10:01:27] DEBUG Heartbeat received from node621
[2025-04-11 10:33:42] INFO Data fetched from service735
[2025-04-11 10:21:36] DEBUG Data fetched from service987
[2025-04-11 10:47:30] DEBUG Job scheduled: job436
[2025-04-11 11:28:00] ERROR File not found: config.yaml
[2025-04-11 10:05:21] INFO Session started for user533
[2025-04-11 10:33:28] INFO User logged in: user450
[2025-04-11 10:33:44] INFO Heartbeat received from node420
[2025-04-11 10:32:08] DEBUG Job scheduled: job488
[2025-04-11 10:09:47] INFO Job scheduled: job483
[2025-04-11 12:02:20] CRITICAL High latency detected in service710
[2025-04-11 10:15:39] INFO Heartbeat received from node297
[2025-04-11 10:51:40] INFO Data fetched from service293
[2025-04-11 10:11:40] DEBUG Order processed: order479
[2025-04-11 10:33:25] DEBUG Cache hit for item 22
[2025-04-11 11:41:45] ERROR High latency detected in service883
[2025-04-11 10:19:12] DEBUG Cache hit for item 875
[2025-04-11 10:06:27] DEBUG Job scheduled: job988
[2025-04-11 11:39:08] CRITICAL Database connection lost
[2025-04-11 10:22:36] INFO Order processed: order341
[2025-04-11 10:21:08] ERROR Failed login attempt: admin from IP 192.168.0.93
[2025-04-11 10:11:32] DEBUG Heartbeat received from node636
[2025-04-11 10:22:57] DEBUG Session started for user452
[2025-04-11 10:37:42] DEBUG Data fetched from service666
[2025-04-11 10:34:26] DEBUG Session started for user88
[2025-04-11 10:28:03] DEBUG Order processed: order47
[2025-04-11 10:10:19] DEBUG Order processed: order934
[2025-04-11 10:20:42] DEBUG Heartbeat received from node544
[2025-04-11 10:22:49] WARNING Database connection lost
[2025-04-11 10:03:50] DEBUG Heartbeat received from node992
[2025-04-11 10:39:28] INFO User logged in: user341
[2025-04-11 11:38:36] WARNING Unusual memory usage detected: 100%
[2025-04-11 10:19:56] INFO Job scheduled: job727
[2025-04-11 11:44:35] ERROR File not found: config.yaml
[2025-04-11 11:14:52] INFO User logged in: user858
[2025-04-11 10:09:16] DEBUG Cache hit for item 359
[2025-04-11 10:16:58] INFO Heartbeat received from node754
[2025-04-11 10:17:18] DEBUG User logged in: user252
[2025-04-11 10:29:00] DEBUG Job scheduled: job958
[2025-04-11 10:15:48] INFO Heartbeat received from node211
[2025-04-11 10:19:15] DEBUG Heartbeat received from node854
[2025-04-11 10:13:44] DEBUG File uploaded: file513.txt
[2025-04-11 11:30:50] INFO Order processed: order777
[2025-04-11 10:57:55] DEBUG Heartbeat received from node702
[2025-04-11 10:26:12] INFO Job scheduled: job975
[2025-04-11 10:11:16] DEBUG Cache hit for item 271
[2025-04-11 10:08:15] INFO Job scheduled: job636
[2025-04-11 10:20:12] WARNING Disk space critically low: 97% used
[2025-04-11 10:34:00] INFO Order processed: order815
[2025-04-11 10:34:30] INFO Cache hit for item 5
[2025-04-11 10:28:54] INFO File uploaded: file43.txt
[2025-04-11 10:11:57] INFO Order processed: order318
[2025-04-11 11:25:05] INFO Heartbeat received from node437
[2025-04-11 10:18:57] INFO Data fetched from service728
[2025-04-11 11:06:25] DEBUG Session started for user942
[2025-04-11 10:04:00] INFO Heartbeat received from node924
[2025-04-11 10:49:24] DEBUG Data fetched from service392
[2025-04-11 11:18:50] INFO File uploaded: file583.txt
[2025-04-11 10:42:00] ERROR System rebooted unexpectedly
[2025-04-11 10:21:51] DEBUG Job scheduled: job532
[2025-04-11 10:53:32] INFO User logged in: user770
[2025-04-11 10:25:06] DEBUG Order processed: order194
[2025-04-11 10:06:40] INFO Heartbeat received from node661
[2025-04-11 10:43:20] INFO Heartbeat received from node911
[2025-04-11 10:55:40] DEBUG Cache hit for item 196
[2025-04-11 11:25:30] DEBUG Heartbeat received from node857
[2025-04-11 10:02:52] INFO Session started for user110
[2025-04-11 10:09:00] INFO Data fetched from service511
[2025-04-11 10:53:42] DEBUG File uploaded: file186.txt
[2025-04-11 10:08:50] INFO Order processed: order35
[2025-04-11 10:57:50] DEBUG Cache hit for item 972
[2025-04-11 10:19:40] INFO Heartbeat received from node236
[2025-04-11 11:47:15] WARNING System rebooted unexpectedly
[2025-04-11 10:20:45] CRITICAL Unauthorized access attempt detected
[2025-04-11 11:01:24] INFO Session started for user717
[2025-04-11 10:30:06] INFO Order processed: order692
[2025-04-11 10:30:34] INFO Data fetched from service69
[2025-04-11 10:14:36] DEBUG Cache hit for item 375
[2025-04-11 10:22:40] DEBUG Session started for user140
[2025-04-11 10:17:33] DEBUG Job scheduled: job72
[2025-04-11 10:08:45] INFO Heartbeat received from node818
[2025-04-11 10:56:54] DEBUG File uploaded: file517.txt
[2025-04-11 10:27:18] DEBUG Cache hit for item 701
[2025-04-11 10:22:12] WARNING Disk space critically low: 99% used
[2025-04-11 11:17:40] DEBUG Heartbeat received from node131
[2025-04-11 10:13:50] DEBUG File uploaded: file223.txt
[2025-04-11 10:30:30] INFO Session started for user38
[2025-04-11 10:31:56] DEBUG Order processed: order460
[2025-04-11 10:24:22] DEBUG Job scheduled: job701
[2025-04-11 10:27:12] DEBUG Order processed: order19
[2025-04-11 10:04:02] INFO Session started for user777
[2025-04-11 10:04:57] INFO File uploaded: file716.txt
[2025-04-11 10:01:31] INFO Cache hit for item 451
[2025-04-11 11:54:50] ERROR File not found: config.yaml
[2025-04-11 10:10:41] DEBUG Cache hit for item 550
[2025-04-11 10:22:56] ERROR High latency detected in service320
[2025-04-11 11:00:39] WARNING High latency detected in service695
[2025-04-11 10:24:28] DEBUG Heartbeat received from node452
[2025-04-11 10:52:32] INFO User logged in: user811
[2025-04-11 10:13:32] INFO Session started for user770
[2025-04-11 10:00:10] DEBUG Cache hit for item 428
[2025-04-11 10:40:35] DEBUG Cache hit for item 159
[2025-04-11 10:03:36] DEBUG Data fetched from service701
[2025-04-11 11:05:15] CRITICAL High latency detected in service108
[2025-04-11 10:03:10] DEBUG File uploaded: file815.txt
[2025-04-11 10:38:08] DEBUG User logged in: user784
[2025-04-11 10:12:01] DEBUG User logged in: user514
[2025-04-11 10:36:24] INFO Job scheduled: job786
[2025-04-11 10:33:03] DEBUG Session started for user702
[2025-04-11 10:11:19] INFO Job scheduled: job337
[2025-04-11 10:06:42] DEBUG User logged in: user367
[2025-04-11 10:23:06] CRITICAL Database connection lost
[2025-04-11 10:14:03] INFO Session started for user150
[2025-04-11 10:18:00] INFO File uploaded: file802.txt
[2025-04-11 10:40:16] CRITICAL Unauthorized access attempt detected
[2025-04-11 10:52:24] DEBUG Session started for user472
[2025-04-11 10:25:56] DEBUG Cache hit for item 59
[2025-04-11 10:11:30] DEBUG Heartbeat received from node112
[2025-04-11 10:25:44] DEBUG Job scheduled: job33
[2025-04-11 10:03:42] INFO Heartbeat received from node927
[2025-04-11 11:03:24] DEBUG Job scheduled: job602
[2025-04-11 10:56:42] INFO User logged in: user594
[2025-04-11 10:11:30] DEBUG Data fetched from service559
[2025-04-11 10:01:36] INFO Job scheduled: job980
[2025-04-11 10:50:25] INFO Cache hit for item 573
[2025-04-11 10:30:50] DEBUG Job scheduled: job268
[2025-04-11 10:47:54] CRITICAL Failed login attempt: admin from IP 192.168.0.858
[2025-04-11 10:23:33] WARNING System rebooted unexpectedly
[2025-04-11 10:44:33] INFO User logged in: user597
[2025-04-11 10:04:50] DEBUG Session started for user925
[2025-04-11 10:27:25] DEBUG Cache hit for item 995
[2025-04-11 11:12:32] INFO Cache hit for item 920
[2025-04-11 10:56:25] INFO Session started for user904
[2025-04-11 10:35:32] INFO User logged in: user598
[2025-04-11 10:35:04] DEBUG Data fetched from service425
[2025-04-11 11:16:30] INFO Job scheduled: job217
[2025-04-11 11:36:16] WARNING Database connection lost
[2025-04-11 11:07:12] DEBUG Order processed: order655
[2025-04-11 10:54:45] INFO Job scheduled: job92
[2025-04-11 10:48:35] DEBUG File uploaded: file472.txt
[2025-04-11 10:21:32] DEBUG File uploaded: file303.txt
[2025-04-11 10:29:04] DEBUG Heartbeat received from node418
[2025-04-11 11:29:05] DEBUG User logged in: user385
[2025-04-11 10:22:44] INFO Job scheduled: job439
[2025-04-11 10:10:40] DEBUG Session started for user486
[2025-04-11 10:27:40] DEBUG Session started for user996
[2025-04-11 10:43:00] WARNING System rebooted unexpectedly
[2025-04-11 10:17:12] INFO Session started for user211
[2025-04-11 10:13:38] DEBUG Session started for user266
[2025-04-11 11:26:28] CRITICAL System rebooted unexpectedly
[2025-04-11 10:20:31] CRITICAL Disk space critically low: 97% used
[2025-04-11 10:21:02] WARNING Database connection lost
[2025-04-11 10:16:05] DEBUG Session started for user88
[2025-04-11 10:06:59] DEBUG Data fetched from service394
[2025-04-11 11:32:48] WARNING High latency detected in service941
[2025-04-11 10:02:44] DEBUG Order processed: order238
[2025-04-11 10:06:05] DEBUG Session started for user557
[2025-04-11 10:06:27] INFO Data fetched from service278
[2025-04-11 10:05:10] DEBUG User logged in: user789
[2025-04-11 11:49:50] WARNING Unusual memory usage detected: 98%
[2025-04-11 10:14:07] DEBUG Order processed: order455
[2025-04-11 10:25:10] DEBUG Session started for user86
[2025-04-11 10:17:05] INFO User logged in: user880
[2025-04-11 11:02:54] CRITICAL Failed login attempt: admin from IP 192.168.0.393
[2025-04-11 11:29:44] CRITICAL Disk space critically low: 87% used
[2025-04-11 10:38:09] INFO Data fetched from service776
[2025-04-11 10:04:37] DEBUG Cache hit for item 434
[2025-04-11 10:18:20] DEBUG Order processed: order32
[2025-04-11 10:33:40] DEBUG Order processed: order93
[2025-04-11 10:26:42] INFO Session started for user835
[2025-04-11 10:06:18] INFO File uploaded: file67.txt
[2025-04-11 11:14:40] DEBUG File uploaded: file383.txt
[2025-04-11 11:39:35] DEBUG Data fetched from service442
[2025-04-11 11:21:10] DEBUG Heartbeat received from node149
[2025-04-11 11:07:12] CRITICAL Disk space critically low: 94% used
[2025-04-11 11:04:15] DEBUG Order processed: order35
[2025-04-11 10:09:13] INFO Heartbeat received from node700
[2025-04-11 10:08:51] INFO Heartbeat received from node827
[2025-04-11 10:44:00] DEBUG File uploaded: file114.txt
[2025-04-11 11:02:08] DEBUG Order processed: order631
[2025-04-11 10:54:18] DEBUG Data fetched from service952
[2025-04-11 11:00:16] DEBUG File uploaded: file334.txt
[2025-04-11 10:04:56] INFO Session started for user2
[2025-04-11 11:46:30] WARNING Failed login attempt: admin from IP 192.168.0.623
[2025-04-11 10:09:46] INFO Order processed: order695
[2025-04-11 10:48:30] DEBUG User logged in: user627
[2025-04-11 11:28:40] CRITICAL File not found: config.yaml
[2025-04-11 10:13:19] INFO Heartbeat received from node212
[2025-04-11 10:49:14] WARNING System rebooted unexpectedly
[2025-04-11 10:21:04] INFO Order processed: order686
[2025-04-11 10:14:24] DEBUG File uploaded: file828.txt
[2025-04-11 10:00:26] DEBUG Session started for user124
[2025-04-11 10:51:16] INFO Job scheduled: job966
[2025-04-11 10:17:42] DEBUG File uploaded: file365.txt
[2025-04-11 10:23:12] DEBUG File uploaded: file523.txt
[2025-04-11 10:18:04] INFO Order processed: order17
[2025-04-11 11:26:25] DEBUG Job scheduled: job40
[2025-04-11 11:54:10] WARNING High latency detected in service930
[2025-04-11 10:10:39] DEBUG Session started for user276
[2025-04-11 11:10:30] WARNING Unusual memory usage detected: 98%
[2025-04-11 11:21:04] CRITICAL Unauthorized access attempt detected
[2025-04-11 10:07:19] INFO Heartbeat received from node608
[2025-04-11 10:17:28] INFO Order processed: order67
[2025-04-11 10:45:48] INFO Job scheduled: job47
[2025-04-11 10:05:30] INFO Heartbeat received from node876
[2025-04-11 10:21:00] INFO Cache hit for item 558
[2025-04-11 10:32:24] DEBUG Session started for user596
[2025-04-11 10:14:48] INFO Job scheduled: job720
[2025-04-11 10:38:06] DEBUG User logged in: user38
[2025-04-11 11:30:40] ERROR Disk space critically low: 93% used
[2025-04-11 11:07:05] DEBUG Cache hit for item 507
[2025-04-11 10:15:48] INFO File uploaded: file884.txt
[2025-04-11 10:10:10] DEBUG Cache hit for item 712
[2025-04-11 10:58:51] INFO File uploaded: file583.txt
[2025-04-11 10:41:40] INFO Heartbeat received from node79
[2025-04-11 10:03:54] DEBUG Job scheduled: job210
[2025-04-11 10:31:32] DEBUG Session started for user192
[2025-04-11 10:21:28] INFO User logged in: user673
[2025-04-11 10:02:11] DEBUG Job scheduled: job902
[2025-04-11 11:05:45] CRITICAL Database connection lost
[2025-04-11 10:06:28] INFO Cache hit for item 824
[2025-04-11 10:14:06] INFO File uploaded: file810.txt
[2025-04-11 10:19:46] INFO Cache hit for item 684
[2025-04-11 10:36:18] DEBUG Cache hit for item 858
[2025-04-11 11:18:40] DEBUG Heartbeat received from node580
[2025-04-11 10:06:20] DEBUG Session started for user636
[2025-04-11 10:12:03] INFO Heartbeat received from node640
[2025-04-11 10:41:10] DEBUG Heartbeat received from node565
[2025-04-11 10:34:48] INFO Heartbeat received from node845
[2025-04-11 10:48:51] INFO Job scheduled: job849
[2025-04-11 10:23:48] DEBUG Job scheduled: job277
[2025-04-11 10:42:45] INFO Cache hit for item 522
[2025-04-11 10:02:25] DEBUG Job scheduled: job913
[2025-04-11 10:48:28] WARNING Unusual memory usage detected: 89%
[2025-04-11 10:25:15] INFO Data fetched from service284
[2025-04-11 10:33:08] INFO Data fetched from service316
[2025-04-11 10:23:14] ERROR Database connection lost
[2025-04-11 10:53:24] INFO Job scheduled: job126
[2025-04-11 10:48:03] DEBUG Order processed: order21
[2025-04-11 10:34:54] INFO Session started for user294
[2025-04-11 10:01:22] DEBUG Job scheduled: job720
[2025-04-11 11:02:33] ERROR Disk space critically low: 96% used
[2025-04-11 11:27:08] ERROR Unusual memory usage detected: 92%
[2025-04-11 10:49:16] CRITICAL Disk space critically low: 89% used
[2025-04-11 10:11:00] INFO Session started for user460
[2025-04-11 11:22:52] WARNING Database connection lost
[2025-04-11 10:49:25] INFO Order processed: order374
[2025-04-11 10:54:08] INFO Job scheduled: job663
[2025-04-11 10:40:36] DEBUG File uploaded: file317.txt
[2025-04-11 10:48:38] ERROR Failed login attempt: admin from IP 192.168.0.604
[2025-04-11 10:00:19] INFO Order processed: order586
[2025-04-11 11:42:40] WARNING Database connection lost
[2025-04-11 10:38:58] DEBUG Session started for user543
[2025-04-11 11:35:00] CRITICAL High latency detected in service483
[2025-04-11 10:23:56] DEBUG Session started for user115
[2025-04-11 10:42:10] INFO Session started for user112
[2025-04-11 10:36:48] INFO Data fetched from service965
[2025-04-11 10:00:15] INFO Heartbeat received from node631
[2025-04-11 10:00:29] DEBUG Cache hit for item 459
[2025-04-11 11:40:30] WARNING Disk space critically low: 89% used
[2025-04-11 10:07:20] DEBUG Order processed: order699
[2025-04-11 10:09:12] DEBUG Cache hit for item 484
[2025-04-11 10:16:18] DEBUG File uploaded: file351.txt
[2025-04-11 10:27:55] INFO Data fetched from service571
[2025-04-11 11:05:27] WARNING Database connection lost
[2025-04-11 10:33:54] DEBUG Session started for user479
[2025-04-11 11:30:44] CRITICAL High latency detected in service745
[2025-04-11 10:48:44] WARNING Database connection lost
[2025-04-11 11:11:09] WARNING High latency detected in service503
[2025-04-11 10:32:26] INFO Data fetched from service395
[2025-04-11 11:32:45] INFO User logged in: user370
[2025-04-11 10:22:30] DEBUG Heartbeat received from node970
[2025-04-11 10:34:22] DEBUG Order processed: order788
[2025-04-11 10:23:04] CRITICAL Failed login attempt: admin from IP 192.168.0.173
[2025-04-11 11:12:48] ERROR File not found: config.yaml
[2025-04-11 10:17:08] DEBUG Order processed: order52
[2025-04-11 10:11:25] DEBUG Data fetched from service570
[2025-04-11 10:52:55] INFO Job scheduled: job22
[2025-04-11 10:08:06] INFO Heartbeat received from node13
[2025-04-11 10:04:43] INFO User logged in: user146
[2025-04-11 10:30:45] DEBUG User logged in: user700
[2025-04-11 10:24:10] DEBUG File uploaded: file873.txt
[2025-04-11 10:01:13] DEBUG Heartbeat received from node482
[2025-04-11 11:31:48] ERROR Disk space critically low: 99% used
[2025-04-11 10:07:41] INFO User logged in: user53
[2025-04-11 10:55:36] DEBUG Session started for user579
[2025-04-11 10:04:19] DEBUG Session started for user937
[2025-04-11 11:18:44] DEBUG User logged in: user787
[2025-04-11 11:06:44] INFO Job scheduled: job107
[2025-04-11 10:06:22] INFO Cache hit for item 264
[2025-04-11 10:31:12] INFO File uploaded: file999.txt
[2025-04-11 10:14:52] INFO User logged in: user734
[2025-04-11 10:12:02] DEBUG Heartbeat received from node224
[2025-04-11 10:35:08] INFO Data fetched from service767
[2025-04-11 10:26:51] DEBUG Cache hit for item 210
[2025-04-11 10:13:43] DEBUG Cache hit for item 23
[2025-04-11 10:15:38] INFO Cache hit for item 168
[2025-04-11 11:28:20] WARNING High latency detected in service684
[2025-04-11 10:03:08] DEBUG File uploaded: file826.txt
[2025-04-11 10:01:15] INFO Order processed: order317
[2025-04-11 11:09:44] DEBUG File uploaded: file489.txt
[2025-04-11 10:12:30] DEBUG Session started for user900
[2025-04-11 11:16:36] INFO Data fetched from service242
[2025-04-11 10:04:10] INFO File uploaded: file468.txt
[2025-04-11 10:01:04] DEBUG Data fetched from service411
[2025-04-11 10:02:52] INFO Session started for user921
[2025-04-11 10:38:45] DEBUG File uploaded: file557.txt
[2025-04-11 10:24:54] DEBUG Heartbeat received from node115
[2025-04-11 10:30:51] INFO Order processed: order275
[2025-04-11 10:12:50] INFO Job scheduled: job383
[2025-04-11 10:14:49] DEBUG File uploaded: file371.txt
[2025-04-11 10:15:30] DEBUG Job scheduled: job44
[2025-04-11 10:26:45] INFO Session started for user590
[2025-04-11 10:49:00] DEBUG Session started for user426
[2025-04-11 10:04:44] DEBUG Data fetched from service716
[2025-04-11 10:32:48] DEBUG Cache hit for item 557
[2025-04-11 11:17:16] DEBUG Order processed: order281
[2025-04-11 11:05:51] ERROR Disk space critically low: 95% used
[2025-04-11 10:10:05] DEBUG Heartbeat received from node621
[2025-04-11 11:19:44] DEBUG Session started for user890
[2025-04-11 10:19:05] INFO Order processed: order927
[2025-04-11 10:09:35] DEBUG Heartbeat received from node141
[2025-04-11 11:24:20] WARNING Disk space critically low: 94% used
[2025-04-11 11:01:56] DEBUG File uploaded: file765.txt
[2025-04-11 10:01:08] INFO Heartbeat received from node165
[2025-04-11 10:20:06] INFO Heartbeat received from node341
[2025-04-11 10:25:22] INFO File uploaded: file578.txt
[2025-04-11 10:25:57] DEBUG Heartbeat received from node446
[2025-04-11 10:36:52] DEBUG Cache hit for item 858
[2025-04-11 10:39:21] INFO Job scheduled: job881
[2025-04-11 10:06:51] INFO Job scheduled: job636
[2025-04-11 10:17:10] DEBUG Order processed: order174
[2025-04-11 10:13:20] DEBUG Order processed: order189
[2025-04-11 10:10:58] DEBUG Session started for user514
[2025-04-11 11:46:50] CRITICAL Unauthorized access attempt detected
[2025-04-11 10:02:12] DEBUG Data fetched from service363
[2025-04-11 10:18:55] INFO File uploaded: file736.txt
[2025-04-11 10:23:00] DEBUG Job scheduled: job774
[2025-04-11 10:47:04] ERROR High latency detected in service99
[2025-04-11 10:02:22] INFO Cache hit for item 477
[2025-04-11 10:05:12] DEBUG Heartbeat received from node155
[2025-04-11 11:39:50] INFO Cache hit for item 876
[2025-04-11 10:39:40] DEBUG Job scheduled: job169
[2025-04-11 10:04:57] INFO Cache hit for item 43
[2025-04-11 10:46:48] INFO Cache hit for item 130
[2025-04-11 10:41:34] WARNING File not found: config.yaml
[2025-04-11 10:09:40] INFO Cache hit for item 797
[2025-04-11 10:06:52] INFO Heartbeat received from node466
[2025-04-11 10:03:56] INFO Cache hit for item 389
[2025-04-11 10:05:19] INFO Data fetched from service354
[2025-04-11 10:22:12] DEBUG File uploaded: file342.txt
[2025-04-11 11:05:28] INFO Cache hit for item 844
[2025-04-11 11:22:20] CRITICAL File not found: config.yaml
[2025-04-11 10:56:10] DEBUG Heartbeat received from node407
[2025-04-11 11:13:12] CRITICAL Unauthorized access attempt detected
[2025-04-11 10:07:10] DEBUG Data fetched from service265
[2025-04-11 10:10:24] INFO Order processed: order61
[2025-04-11 10:14:14] DEBUG Cache hit for item 735
[2025-04-11 10:28:24] INFO Session started for user817
[2025-04-11 10:07:47] INFO Cache hit for item 640
[2025-04-11 10:36:36] INFO Job scheduled: job439
[2025-04-11 10:11:44] INFO User logged in: user417
[2025-04-11 12:02:40] WARNING Database connection lost
[2025-04-11 10:02:21] INFO Job scheduled: job914
[2025-04-11 10:47:12] DEBUG File uploaded: file819.txt
[2025-04-11 10:54:48] INFO Order processed: order353
[2025-04-11 10:28:32] DEBUG Order processed: order756
[2025-04-11 10:44:40] DEBUG Job scheduled: job176
[2025-04-11 11:32:32] ERROR Unusual memory usage detected: 89%
[2025-04-11 10:46:18] INFO Session started for user918
[2025-04-11 11:26:20] INFO Order processed: order389
[2025-04-11 10:23:46] CRITICAL Disk space critically low: 99% used
[2025-04-11 10:19:48] DEBUG User logged in: user193
[2025-04-11 11:29:40] DEBUG Session started for user778
[2025-04-11 10:23:57] DEBUG Data fetched from service873
[2025-04-11 10:44:21] DEBUG Cache hit for item 27
[2025-04-11 10:35:09] DEBUG Heartbeat received from node670
[2025-04-11 11:32:05] INFO User logged in: user205
[2025-04-11 10:19:28] INFO Job scheduled: job472
[2025-04-11 10:29:24] DEBUG Order processed: order620
[2025-04-11 10:27:06] INFO Order processed: order670
[2025-04-11 10:05:05] INFO File uploaded: file527.txt
[2025-04-11 10:21:12] WARNING Failed login attempt: admin from IP 192.168.0.186
[2025-04-11 10:41:52] INFO Data fetched from service139
[2025-04-11 10:33:34] DEBUG Order processed: order350
[2025-04-11 11:20:55] DEBUG File uploaded: file169.txt
[2025-04-11 11:16:35] INFO Heartbeat received from node125
[2025-04-11 10:27:32] INFO Order processed: order610
[2025-04-11 10:15:22] DEBUG Job scheduled: job692
[2025-04-11 10:34:40] INFO Data fetched from service945
[2025-04-11 10:38:32] DEBUG Session started for user160
[2025-04-11 11:07:45] INFO User logged in: user449
[2025-04-11 11:14:08] INFO Job scheduled: job790
[2025-04-11 10:54:51] INFO Job scheduled: job185
[2025-04-11 10:15:33] DEBUG Order processed: order633
[2025-04-11 10:21:08] DEBUG File uploaded: file733.txt
[2025-04-11 10:45:24] ERROR Database connection lost
[2025-04-11 10:11:22] INFO Session started for user613
[2025-04-11 10:29:00] INFO Heartbeat received from node747
[2025-04-11 10:12:12] INFO Job scheduled: job630
[2025-04-11 10:00:57] INFO Data fetched from service817
[2025-04-11 10:57:56] DEBUG Order processed: order819
[2025-04-11 10:44:20] INFO Data fetched from service209
[2025-04-11 10:12:30] DEBUG Cache hit for item 181
[2025-04-11 10:24:20] CRITICAL Disk space critically low: 94% used
[2025-04-11 11:33:08] ERROR Unusual memory usage detected: 99%
[2025-04-11 10:54:55] INFO Order processed: order551
[2025-04-11 10:33:35] INFO Order processed: order690
[2025-04-11 10:58:40] INFO File uploaded: file988.txt
[2025-04-11 10:07:00] INFO Session started for user638
[2025-04-11 12:02:55] ERROR Unauthorized access attempt detected
[2025-04-11 12:04:30] ERROR Database connection lost
[2025-04-11 10:16:15] DEBUG Data fetched from service518
[2025-04-11 10:54:20] INFO Heartbeat received from node517
[2025-04-11 10:41:46] ERROR Failed login attempt: admin from IP 192.168.0.285
[2025-04-11 11:07:51] WARNING Database connection lost
[2025-04-11 10:41:35] INFO Job scheduled: job397
[2025-04-11 10:10:08] INFO Session started for user940
[2025-04-11 11:43:40] CRITICAL System rebooted unexpectedly
[2025-04-11 10:40:46] WARNING Unusual memory usage detected: 100%
[2025-04-11 10:00:51] DEBUG Job scheduled: job113
[2025-04-11 11:59:35] CRITICAL Disk space critically low: 89% used
[2025-04-11 11:29:25] INFO Session started for user114
[2025-04-11 10:00:27] DEBUG File uploaded: file138.txt
[2025-04-11 10:07:16] DEBUG Job scheduled: job734
[2025-04-11 10:51:55] DEBUG Session started for user448
[2025-04-11 11:16:24] INFO Order processed: order955
[2025-04-11 10:09:19] DEBUG Order processed: order960
[2025-04-11 10:42:50] CRITICAL Unauthorized access attempt detected
[2025-04-11 10:17:20] DEBUG Session started for user248
[2025-04-11 10:46:22] ERROR Unusual memory usage detected: 95%
[2025-04-11 10:49:08] WARNING High latency detected in service33
[2025-04-11 11:07:57] ERROR System rebooted unexpectedly
[2025-04-11 10:16:32] DEBUG File uploaded: file319.txt
[2025-04-11 10:04:39] INFO Order processed: order504
[2025-04-11 10:54:00] INFO Session started for user344
[2025-04-11 10:45:52] DEBUG Cache hit for item 651
[2025-04-11 10:01:00] INFO Cache hit for item 177
[2025-04-11 10:24:30] DEBUG Data fetched from service172
[2025-04-11 10:12:31] INFO File uploaded: file500.txt
[2025-04-11 11:14:28] DEBUG Session started for user408
[2025-04-11 11:01:04] INFO Cache hit for item 602
[2025-04-11 10:12:36] DEBUG Heartbeat received from node657
[2025-04-11 10:22:15] INFO User logged in: user218
[2025-04-11 10:18:34] DEBUG File uploaded: file641.txt
[2025-04-11 11:52:20] CRITICAL High latency detected in service275
[2025-04-11 11:54:30] CRITICAL High latency detected in service920
[2025-04-11 10:15:48] INFO Data fetched from service75
[2025-04-11 11:11:00] INFO Cache hit for item 308
[2025-04-11 10:37:40] INFO Heartbeat received from node79
[2025-04-11 10:13:14] INFO Data fetched from service383
[2025-04-11 10:08:34] DEBUG User logged in: user663
[2025-04-11 10:59:15] DEBUG User logged in: user339
[2025-04-11 10:22:10] INFO Heartbeat received from node256
[2025-04-11 10:12:04] INFO Order processed: order406
[2025-04-11 10:14:24] INFO File uploaded: file436.txt
[2025-04-11 10:37:28] INFO File uploaded: file215.txt
[2025-04-11 10:51:00] DEBUG Cache hit for item 75
[2025-04-11 10:15:00] INFO Heartbeat received from node303
[2025-04-11 11:45:45] CRITICAL Disk space critically low: 90% used
[2025-04-11 10:13:30] INFO Order processed: order70
[2025-04-11 10:05:10] DEBUG Order processed: order510
[2025-04-11 10:07:25] DEBUG Data fetched from service969
[2025-04-11 10:04:40] INFO Job scheduled: job942
[2025-04-11 10:03:32] DEBUG Heartbeat received from node402
[2025-04-11 11:35:40] DEBUG Session started for user650
[2025-04-11 11:20:35] INFO Heartbeat received from node757
[2025-04-11 10:32:32] DEBUG Data fetched from service209
[2025-04-11 10:06:39] DEBUG Job scheduled: job583
[2025-04-11 10:05:06] DEBUG Heartbeat received from node334
[2025-04-11 10:39:06] INFO File uploaded: file204.txt
[2025-04-11 11:13:30] INFO Cache hit for item 57
[2025-04-11 10:40:36] CRITICAL Unauthorized access attempt detected
[2025-04-11 10:18:28] DEBUG Cache hit for item 825
[2025-04-11 11:10:45] DEBUG File uploaded: file241.txt
[2025-04-11 10:49:54] ERROR High latency detected in service635
[2025-04-11 11:12:20] INFO User logged in: user444
[2025-04-11 11:26:32] CRITICAL Unauthorized access attempt detected
[2025-04-11 10:03:59] INFO Job scheduled: job949
[2025-04-11 10:07:09] DEBUG Job scheduled: job120
[2025-04-11 10:57:03] DEBUG Order processed: order219
[2025-04-11 10:55:21] INFO Job scheduled: job143
[2025-04-11 11:04:45] WARNING Disk space critically low: 94% used
[2025-04-11 10:12:16] DEBUG Session started for user127
[2025-04-11 10:01:20] DEBUG Job scheduled: job44
[2025-04-11 10:56:08] INFO Job scheduled: job273
[2025-04-11 11:00:57] ERROR Unusual memory usage detected: 98%
[2025-04-11 10:42:18] INFO Data fetched from service856
[2025-04-11 11:58:25] ERROR Unusual memory usage detected: 85%
[2025-04-11 10:10:36] INFO Session started for user901
[2025-04-11 10:09:04] INFO Cache hit for item 435
[2025-04-11 10:16:57] DEBUG Data fetched from service696
[2025-04-11 10:06:57] DEBUG Heartbeat received from node821
[2025-04-11 10:25:45] INFO User logged in: user708
[2025-04-11 10:26:20] DEBUG Order processed: order998
[2025-04-11 10:20:14] DEBUG Heartbeat received from node288
[2025-04-11 11:28:05] INFO Job scheduled: job480
[2025-04-11 10:22:45] ERROR Unauthorized access attempt detected
[2025-04-11 11:47:40] ERROR Disk space critically low: 94% used
[2025-04-11 10:56:03] DEBUG Data fetched from service657
[2025-04-11 10:35:32] INFO Order processed: order582
[2025-04-11 10:41:44] DEBUG User logged in: user199
[2025-04-11 11:13:15] WARNING Database connection lost
[2025-04-11 11:03:30] WARNING System rebooted unexpectedly
[2025-04-11 10:18:49] INFO File uploaded: file820.txt
[2025-04-11 10:35:50] DEBUG Job scheduled: job672
[2025-04-11 10:32:00] INFO Order processed: order755
[2025-04-11 11:01:45] DEBUG Order processed: order661
[2025-04-11 10:58:03] INFO File uploaded: file329.txt
[2025-04-11 11:43:20] WARNING Database connection lost
[2025-04-11 10:51:30] DEBUG Heartbeat received from node879
[2025-04-11 10:08:42] INFO Job scheduled: job459
[2025-04-11 10:16:44] INFO User logged in: user914
[2025-04-11 10:44:30] ERROR Failed login attempt: admin from IP 192.168.0.144
[2025-04-11 10:32:04] DEBUG Job scheduled: job84
[2025-04-11 10:10:48] INFO Heartbeat received from node525
[2025-04-11 10:05:18] INFO Heartbeat received from node659
[2025-04-11 11:31:45] INFO Data fetched from service685
[2025-04-11 10:11:05] INFO Session started for user437
[2025-04-11 10:13:05] INFO Job scheduled: job633
[2025-04-11 10:49:44] DEBUG Heartbeat received from node914
[2025-04-11 10:09:35] INFO Order processed: order140
[2025-04-11 11:02:28] DEBUG Job scheduled: job113
[2025-04-11 10:21:54] WARNING System rebooted unexpectedly
[2025-04-11 12:00:50] WARNING Database connection lost
[2025-04-11 10:49:40] INFO File uploaded: file490.txt
[2025-04-11 10:12:20] DEBUG Cache hit for item 193
[2025-04-11 10:26:00] INFO Data fetched from service312
[2025-04-11 10:26:54] DEBUG Job scheduled: job280
[2025-04-11 10:57:10] DEBUG Session started for user546
[2025-04-11 11:05:24] ERROR Disk space critically low: 96% used
[2025-04-11 11:09:45] ERROR Database connection lost
[2025-04-11 10:23:39] ERROR Failed login attempt: admin from IP 192.168.0.386
[2025-04-11 10:31:44] DEBUG User logged in: user664
[2025-04-11 11:25:10] DEBUG Order processed: order132
[2025-04-11 10:21:36] DEBUG Order processed: order236
[2025-04-11 10:24:15] DEBUG Order processed: order400
[2025-04-11 11:03:36] INFO User logged in: user890
[2025-04-11 11:18:16] INFO Order processed: order657
[2025-04-11 11:18:35] INFO Session started for user321
[2025-04-11 10:48:48] INFO Heartbeat received from node74
[2025-04-11 10:03:48] INFO Cache hit for item 495
[2025-04-11 10:40:14] WARNING Unauthorized access attempt detected
[2025-04-11 11:17:45] INFO Cache hit for item 602
[2025-04-11 10:07:08] DEBUG User logged in: user356
[2025-04-11 10:07:04] INFO File uploaded: file849.txt
[2025-04-11 10:15:32] INFO Cache hit for item 67
[2025-04-11 10:27:12] DEBUG Heartbeat received from node609
[2025-04-11 10:18:03] INFO File uploaded: file295.txt
[2025-04-11 10:37:32] INFO Job scheduled: job219
[2025-04-11 11:10:05] DEBUG Job scheduled: job99
[2025-04-11 10:57:21] DEBUG Job scheduled: job61
[2025-04-11 10:51:12] DEBUG File uploaded: file267.txt
[2025-04-11 10:19:51] DEBUG Session started for user148
[2025-04-11 11:07:35] DEBUG Heartbeat received from node866
[2025-04-11 11:19:40] INFO Heartbeat received from node842
[2025-04-11 10:29:57] INFO Data fetched from service686
[2025-04-11 10:11:42] DEBUG User logged in: user603
[2025-04-11 10:24:29] ERROR High latency detected in service173
[2025-04-11 11:15:08] DEBUG Order processed: order206
[2025-04-11 12:04:50] ERROR Unusual memory usage detected: 87%
[2025-04-11 10:08:54] INFO Session started for user27
[2025-04-11 10:36:09] INFO Job scheduled: job616
[2025-04-11 11:39:45] DEBUG File uploaded: file268.txt
[2025-04-11 10:44:26] ERROR Database connection lost
[2025-04-11 10:58:04] DEBUG Heartbeat received from node467
[2025-04-11 11:20:40] CRITICAL Failed login attempt: admin from IP 192.168.0.749
[2025-04-11 10:30:12] DEBUG Cache hit for item 562
[2025-04-11 10:23:49] CRITICAL System rebooted unexpectedly
[2025-04-11 10:28:30] INFO Order processed: order863
[2025-04-11 10:08:31] DEBUG Job scheduled: job178
[2025-04-11 11:09:25] DEBUG Order processed: order193
[2025-04-11 10:01:02] DEBUG Heartbeat received from node935
[2025-04-11 10:07:37] INFO User logged in: user553
[2025-04-11 10:19:02] DEBUG Job scheduled: job46
[2025-04-11 10:05:43] INFO File uploaded: file873.txt
[2025-04-11 10:10:36] DEBUG Data fetched from service105
[2025-04-11 10:26:05] DEBUG Cache hit for item 46
[2025-04-11 10:59:05] DEBUG Heartbeat received from node784
[2025-04-11 10:22:21] CRITICAL High latency detected in service584
[2025-04-11 10:39:28] INFO Session started for user414
[2025-04-11 10:03:22] DEBUG Job scheduled: job174
[2025-04-11 10:46:10] WARNING Disk space critically low: 87% used
[2025-04-11 10:15:06] DEBUG Cache hit for item 221
[2025-04-11 10:26:48] DEBUG Job scheduled: job911
[2025-04-11 10:29:56] DEBUG Cache hit for item 144
[2025-04-11 10:17:28] DEBUG File uploaded: file128.txt
[2025-04-11 10:01:54] DEBUG File uploaded: file113.txt
[2025-04-11 10:28:18] INFO Cache hit for item 228
[2025-04-11 10:01:42] INFO User logged in: user880
[2025-04-11 10:10:56] DEBUG Cache hit for item 308
[2025-04-11 10:44:39] DEBUG User logged in: user73
[2025-04-11 10:16:35] INFO File uploaded: file297.txt
[2025-04-11 10:07:21] DEBUG User logged in: user51
[2025-04-11 11:06:21] CRITICAL Unusual memory usage detected: 95%
[2025-04-11 10:18:40] INFO Order processed: order694
[2025-04-11 10:05:25] INFO File uploaded: file840.txt
[2025-04-11 10:17:45] INFO Cache hit for item 189
[2025-04-11 10:13:12] DEBUG Order processed: order113
[2025-04-11 10:04:48] DEBUG Job scheduled: job177
[2025-04-11 10:26:09] DEBUG File uploaded: file637.txt
[2025-04-11 10:43:16] INFO Data fetched from service836
[2025-04-11 11:00:36] DEBUG Cache hit for item 66
[2025-04-11 10:02:22] INFO File uploaded: file597.txt
[2025-04-11 10:41:03] INFO File uploaded: file42.txt
[2025-04-11 10:40:00] INFO Heartbeat received from node43
[2025-04-11 10:12:46] DEBUG Job scheduled: job280
[2025-04-11 10:19:20] DEBUG Cache hit for item 452
[2025-04-11 10:02:52] INFO Order processed: order247
[2025-04-11 10:21:18] INFO Data fetched from service995
[2025-04-11 10:41:15] INFO Order processed: order203
[2025-04-11 11:03:32] INFO Heartbeat received from node686
[2025-04-11 10:14:28] INFO Session started for user290
[2025-04-11 10:45:36] WARNING Unauthorized access attempt detected
[2025-04-11 10:43:28] CRITICAL Disk space critically low: 88% used
[2025-04-11 10:42:26] CRITICAL System rebooted unexpectedly
[2025-04-11 11:45:20] CRITICAL Failed login attempt: admin from IP 192.168.0.204
[2025-04-11 11:46:10] WARNING Failed login attempt: admin from IP 192.168.0.756
[2025-04-11 10:18:42] INFO Cache hit for item 906
[2025-04-11 10:31:22] DEBUG File uploaded: file960.txt
[2025-04-11 10:20:26] DEBUG User logged in: user123
[2025-04-11 11:02:30] WARNING Failed login attempt: admin from IP 192.168.0.901
[2025-04-11 10:19:18] DEBUG Heartbeat received from node967
[2025-04-11 10:58:30] DEBUG Cache hit for item 742
[2025-04-11 10:46:38] ERROR Database connection lost
[2025-04-11 11:42:50] ERROR Failed login attempt: admin from IP 192.168.0.165
[2025-04-11 10:31:34] DEBUG Heartbeat received from node574
[2025-04-11 10:01:48] INFO User logged in: user238
[2025-04-11 10:05:36] INFO Heartbeat received from node372
[2025-04-11 10:28:44] INFO Cache hit for item 632
[2025-04-11 10:42:02] ERROR Failed login attempt: admin from IP 192.168.0.583
[2025-04-11 10:56:39] INFO Order processed: order324
[2025-04-11 10:22:18] CRITICAL Unusual memory usage detected: 87%
[2025-04-11 10:13:24] INFO Data fetched from service943
[2025-04-11 10:24:30] INFO User logged in: user944
[2025-04-11 10:27:50] DEBUG Heartbeat received from node254
[2025-04-11 11:06:24] WARNING High latency detected in service490
[2025-04-11 11:21:35] INFO File uploaded: file999.txt
[2025-04-11 10:58:45] INFO Job scheduled: job29
[2025-04-11 10:40:18] CRITICAL Database connection lost
[2025-04-11 10:11:27] INFO File uploaded: file495.txt
[2025-04-11 10:11:09] DEBUG Cache hit for item 418
[2025-04-11 10:02:46] INFO User logged in: user843
[2025-04-11 10:43:42] DEBUG Data fetched from service766
[2025-04-11 10:24:43] WARNING High latency detected in service297
[2025-04-11 10:48:16] WARNING Disk space critically low: 91% used
[2025-04-11 10:21:31] WARNING Unusual memory usage detected: 94%
[2025-04-11 10:56:55] INFO Session started for user579
[2025-04-11 10:50:54] INFO File uploaded: file956.txt
[2025-04-11 10:08:04] DEBUG File uploaded: file208.txt
[2025-04-11 10:36:02] DEBUG Session started for user793
[2025-04-11 10:07:00] INFO Order processed: order181
[2025-04-11 11:47:10] ERROR Disk space critically low: 96% used
[2025-04-11 10:27:34] DEBUG File uploaded: file610.txt
[2025-04-11 10:58:00] DEBUG Data fetched from service166
[2025-04-11 10:27:15] INFO User logged in: user203
[2025-04-11 11:10:21] CRITICAL Unusual memory usage detected: 92%
[2025-04-11 10:00:01] INFO Heartbeat received from node652
[2025-04-11 10:03:02] DEBUG Heartbeat received from node628
[2025-04-11 10:08:06] INFO Session started for user314
[2025-04-11 10:15:40] INFO Session started for user983
[2025-04-11 10:21:34] INFO Session started for user923
[2025-04-11 10:41:22] WARNING System rebooted unexpectedly
[2025-04-11 10:21:29] CRITICAL File not found: config.yaml
[2025-04-11 11:42:05] CRITICAL Unauthorized access attempt detected
[2025-04-11 10:59:50] DEBUG Session started for user690
[2025-04-11 10:49:21] INFO Cache hit for item 631
[2025-04-11 10:06:03] INFO Cache hit for item 66
[2025-04-11 10:56:32] DEBUG File uploaded: file254.txt
[2025-04-11 10:52:35] DEBUG Heartbeat received from node870
[2025-04-11 11:29:40] CRITICAL Database connection lost
[2025-04-11 10:05:40] INFO File uploaded: file231.txt
[2025-04-11 10:45:24] INFO Cache hit for item 880
[2025-04-11 10:01:12] DEBUG Heartbeat received from node991
[2025-04-11 10:29:48] DEBUG User logged in: user970
[2025-04-11 11:39:30] DEBUG Order processed: order994
[2025-04-11 10:23:16] WARNING High latency detected in service57
[2025-04-11 10:49:27] INFO Data fetched from service543
[2025-04-11 11:28:00] DEBUG Heartbeat received from node222
[2025-04-11 11:37:40] DEBUG Heartbeat received from node908
[2025-04-11 11:46:15] WARNING Unauthorized access attempt detected
[2025-04-11 10:37:28] DEBUG User logged in: user397
[2025-04-11 10:04:42] INFO Data fetched from service161
[2025-04-11 11:05:06] ERROR Unauthorized access attempt detected
[2025-04-11 10:37:02] INFO Job scheduled: job558
[2025-04-11 10:35:08] DEBUG Job scheduled: job313
[2025-04-11 10:13:58] DEBUG File uploaded: file599.txt
[2025-04-11 11:18:36] DEBUG Order processed: order82
[2025-04-11 10:20:50] INFO File uploaded: file935.txt
[2025-04-11 10:42:57] INFO Cache hit for item 725
[2025-04-11 10:24:44] DEBUG Data fetched from service387
[2025-04-11 11:26:45] INFO Session started for user876
[2025-04-11 10:03:58] INFO Heartbeat received from node106
[2025-04-11 10:37:56] INFO Heartbeat received from node343
[2025-04-11 10:07:02] INFO Session started for user18
[2025-04-11 10:31:08] DEBUG User logged in: user381
[2025-04-11 10:28:50] DEBUG Heartbeat received from node517
[2025-04-11 10:35:26] DEBUG User logged in: user504
[2025-04-11 10:14:18] DEBUG Data fetched from service587
[2025-04-11 11:22:50] INFO Data fetched from service837
[2025-04-11 11:02:36] CRITICAL Unauthorized access attempt detected
[2025-04-11 10:30:14] INFO Data fetched from service757
[2025-04-11 10:27:14] DEBUG Heartbeat received from node386
[2025-04-11 10:31:24] DEBUG User logged in: user998
[2025-04-11 10:36:44] DEBUG File uploaded: file6.txt
[2025-04-11 10:10:27] INFO File uploaded: file359.txt
[2025-04-11 10:22:00] INFO File uploaded: file977.txt
[2025-04-11 10:54:57] INFO Heartbeat received from node1
[2025-04-11 11:55:15] ERROR File not found: config.yaml
[2025-04-11 11:14:12] WARNING Disk space critically low: 89% used
[2025-04-11 11:14:33] ERROR File not found: config.yaml
[2025-04-11 11:39:00] INFO Order processed: order609
[2025-04-11 10:14:00] INFO Order processed: order935
[2025-04-11 10:27:42] DEBUG Data fetched from service861
[2025-04-11 10:40:24] INFO Heartbeat received from node132
[2025-04-11 11:00:51] CRITICAL Unauthorized access attempt detected
[2025-04-11 10:03:18] DEBUG Cache hit for item 595
[2025-04-11 11:38:48] CRITICAL Unauthorized access attempt detected
[2025-04-11 11:07:20] DEBUG User logged in: user780
[2025-04-11 11:03:40] INFO User logged in: user784
[2025-04-11 10:25:24] DEBUG Order processed: order858
[2025-04-11 11:33:30] DEBUG Job scheduled: job476
[2025-04-11 10:49:02] ERROR File not found: config.yaml
[2025-04-11 11:39:32] CRITICAL Failed login attempt: admin from IP 192.168.0.302
[2025-04-11 11:12:18] ERROR Unusual memory usage detected: 93%
[2025-04-11 10:43:58] ERROR Database connection lost
[2025-04-11 10:03:56] DEBUG Cache hit for item 396
[2025-04-11 10:08:27] DEBUG User logged in: user38
[2025-04-11 10:37:52] INFO Session started for user942
[2025-04-11 11:04:39] WARNING Failed login attempt: admin from IP 192.168.0.999
[2025-04-11 10:05:52] DEBUG Job scheduled: job622
[2025-04-11 10:03:51] DEBUG Session started for user192
[2025-04-11 10:07:00] INFO User logged in: user796
[2025-04-11 11:16:40] INFO User logged in: user425
[2025-04-11 10:18:32] DEBUG Job scheduled: job629
[2025-04-11 10:17:42] DEBUG Job scheduled: job396
[2025-04-11 10:15:27] DEBUG Order processed: order389
[2025-04-11 10:07:30] INFO File uploaded: file149.txt
[2025-04-11 11:12:28] INFO Job scheduled: job188
[2025-04-11 10:07:14] INFO Heartbeat received from node64
[2025-04-11 11:09:39] WARNING Database connection lost
[2025-04-11 10:03:38] DEBUG Data fetched from service98
[2025-04-11 11:10:44] INFO Heartbeat received from node580
[2025-04-11 10:48:09] DEBUG Heartbeat received from node238
[2025-04-11 10:34:40] DEBUG Job scheduled: job5
[2025-04-11 10:18:46] INFO Session started for user619
[2025-04-11 10:46:00] WARNING High latency detected in service917
[2025-04-11 11:37:24] CRITICAL High latency detected in service314
[2025-04-11 10:10:54] DEBUG Session started for user580
[2025-04-11 11:10:32] DEBUG Data fetched from service302
[2025-04-11 10:06:32] INFO Session started for user958
[2025-04-11 10:03:24] DEBUG Order processed: order353
[2025-04-11 11:08:16] DEBUG Heartbeat received from node655
[2025-04-11 11:20:44] WARNING System rebooted unexpectedly
[2025-04-11 10:19:30] INFO Order processed: order925
[2025-04-11 10:32:52] INFO Data fetched from service550
[2025-04-11 10:02:55] DEBUG Session started for user252
[2025-04-11 10:36:50] INFO Order processed: order271
[2025-04-11 10:11:40] DEBUG Data fetched from service678
[2025-04-11 10:02:07] INFO Data fetched from service702
[2025-04-11 11:16:48] INFO File uploaded: file298.txt
[2025-04-11 10:21:11] CRITICAL Failed login attempt: admin from IP 192.168.0.286
[2025-04-11 10:02:59] DEBUG Heartbeat received from node183
[2025-04-11 10:30:04] INFO Session started for user191
[2025-04-11 10:10:57] DEBUG Data fetched from service856
[2025-04-11 10:12:59] INFO Session started for user520
[2025-04-11 10:01:04] DEBUG Cache hit for item 521
[2025-04-11 10:22:40] INFO Cache hit for item 547
[2025-04-11 10:24:50] INFO Order processed: order187
[2025-04-11 10:10:32] INFO Job scheduled: job44
[2025-04-11 11:13:25] DEBUG Order processed: order334
[2025-04-11 11:11:24] WARNING File not found: config.yaml
[2025-04-11 10:13:04] INFO Job scheduled: job254
[2025-04-11 10:07:39] DEBUG Cache hit for item 66
[2025-04-11 10:12:00] INFO Heartbeat received from node227
[2025-04-11 10:58:55] INFO Data fetched from service380
[2025-04-11 10:02:50] INFO Cache hit for item 519
[2025-04-11 11:12:03] WARNING Disk space critically low: 98% used
[2025-04-11 10:18:40] INFO Job scheduled: job904
[2025-04-11 10:07:40] DEBUG Job scheduled: job308
[2025-04-11 10:31:54] INFO Session started for user955
[2025-04-11 11:20:56] ERROR Database connection lost
[2025-04-11 11:06:36] DEBUG Job scheduled: job590
[2025-04-11 11:16:05] DEBUG File uploaded: file396.txt
[2025-04-11 10:45:12] CRITICAL Database connection lost
[2025-04-11 10:25:09] DEBUG Heartbeat received from node146
[2025-04-11 10:22:42] DEBUG Cache hit for item 195
[2025-04-11 11:40:00] WARNING Disk space critically low: 95% used
[2025-04-11 10:14:20] INFO File uploaded: file654.txt
[2025-04-11 11:34:04] ERROR Unauthorized access attempt detected
[2025-04-11 10:24:20] DEBUG File uploaded: file237.txt
[2025-04-11 10:00:52] DEBUG Job scheduled: job452
[2025-04-11 10:53:12] INFO File uploaded: file171.txt
[2025-04-11 10:53:33] DEBUG Session started for user295
[2025-04-11 10:07:35] INFO Heartbeat received from node203
[2025-04-11 10:35:40] DEBUG Job scheduled: job538
[2025-04-11 11:18:10] DEBUG Heartbeat received from node791
[2025-04-11 10:01:24] INFO File uploaded: file228.txt
[2025-04-11 11:35:08] WARNING Failed login attempt: admin from IP 192.168.0.569
[2025-04-11 10:23:56] ERROR System rebooted unexpectedly
[2025-04-11 10:09:25] DEBUG User logged in: user424
[2025-04-11 10:22:52] ERROR Unusual memory usage detected: 94%
[2025-04-11 10:47:40] INFO Data fetched from service667
[2025-04-11 11:02:48] ERROR High latency detected in service997
[2025-04-11 10:21:28] CRITICAL Disk space critically low: 89% used
[2025-04-11 10:02:15] DEBUG Session started for user987
[2025-04-11 10:05:16] DEBUG Data fetched from service22
[2025-04-11 10:37:50] DEBUG Data fetched from service881
[2025-04-11 10:47:00] INFO Order processed: order860
[2025-04-11 10:56:15] INFO File uploaded: file875.txt
[2025-04-11 10:23:44] CRITICAL Disk space critically low: 96% used
[2025-04-11 10:12:09] DEBUG Heartbeat received from node431
[2025-04-11 10:09:34] DEBUG Cache hit for item 275
[2025-04-11 10:22:25] INFO Heartbeat received from node726
[2025-04-11 10:24:05] CRITICAL File not found: config.yaml
[2025-04-11 10:32:35] DEBUG Session started for user74
[2025-04-11 10:41:27] INFO Session started for user314
[2025-04-11 10:53:51] DEBUG Session started for user50
[2025-04-11 10:45:46] CRITICAL Database connection lost
[2025-04-11 10:58:18] INFO Session started for user567
[2025-04-11 10:07:28] DEBUG Heartbeat received from node18
[2025-04-11 11:25:20] WARNING Unauthorized access attempt detected
[2025-04-11 11:14:36] WARNING Database connection lost
[2025-04-11 10:55:00] DEBUG Session started for user516
[2025-04-11 10:12:20] INFO Job scheduled: job875
[2025-04-11 10:09:49] DEBUG Heartbeat received from node157
[2025-04-11 11:01:54] WARNING Failed login attempt: admin from IP 192.168.0.545
[2025-04-11 11:00:35] DEBUG Session started for user279
[2025-04-11 10:13:29] INFO Heartbeat received from node426
[2025-04-11 10:34:58] DEBUG Order processed: order38
[2025-04-11 10:02:45] DEBUG File uploaded: file969.txt
[2025-04-11 10:04:31] DEBUG Data fetched from service490
[2025-04-11 10:33:24] INFO Data fetched from service786
[2025-04-11 11:28:40] DEBUG Data fetched from service626
[2025-04-11 10:12:22] INFO Cache hit for item 323
[2025-04-11 11:06:48] DEBUG Session started for user104
[2025-04-11 10:48:06] DEBUG User logged in: user919
[2025-04-11 10:53:57] DEBUG Job scheduled: job610
[2025-04-11 11:05:03] CRITICAL Failed login attempt: admin from IP 192.168.0.838
[2025-04-11 11:52:55] ERROR High latency detected in service783
[2025-04-11 10:02:00] DEBUG Session started for user905
[2025-04-11 10:28:00] INFO Data fetched from service305
[2025-04-11 10:01:53] DEBUG File uploaded: file544.txt
[2025-04-11 10:03:17] DEBUG Session started for user121
[2025-04-11 10:02:47] DEBUG User logged in: user483
[2025-04-11 10:02:28] DEBUG Cache hit for item 696
[2025-04-11 11:38:30] INFO Session started for user175
[2025-04-11 10:26:12] INFO Session started for user161
[2025-04-11 10:47:14] CRITICAL High latency detected in service729
[2025-04-11 10:31:27] INFO Order processed: order209
[2025-04-11 10:35:56] INFO Heartbeat received from node126
[2025-04-11 10:13:20] INFO Order processed: order825
[2025-04-11 10:22:28] DEBUG Job scheduled: job447
[2025-04-11 11:09:30] ERROR File not found: config.yaml
[2025-04-11 10:09:08] INFO User logged in: user866
[2025-04-11 10:18:25] DEBUG Job scheduled: job131
[2025-04-11 10:21:42] INFO Session started for user209
[2025-04-11 10:00:00] DEBUG Job scheduled: job347
[2025-04-11 10:06:16] INFO Data fetched from service112
[2025-04-11 10:00:02] INFO Session started for user30
[2025-04-11 10:53:10] INFO Job scheduled: job725
[2025-04-11 10:10:12] DEBUG File uploaded: file942.txt
[2025-04-11 11:06:51] CRITICAL System rebooted unexpectedly
[2025-04-11 11:26:50] DEBUG Data fetched from service404
[2025-04-11 10:08:05] INFO Cache hit for item 996
[2025-04-11 10:06:13] DEBUG Order processed: order21
[2025-04-11 10:02:10] INFO User logged in: user85
[2025-04-11 10:57:12] INFO User logged in: user932
[2025-04-11 11:36:52] WARNING Unusual memory usage detected: 95%
[2025-04-11 11:51:20] ERROR Unusual memory usage detected: 89%
[2025-04-11 10:38:16] DEBUG File uploaded: file941.txt
[2025-04-11 10:03:22] INFO Order processed: order425
[2025-04-11 11:37:12] ERROR High latency detected in service368
[2025-04-11 10:54:48] INFO Session started for user422
[2025-04-11 10:45:16] ERROR System rebooted unexpectedly
[2025-04-11 10:38:00] INFO Cache hit for item 329
[2025-04-11 10:20:48] CRITICAL Unusual memory usage detected: 97%
[2025-04-11 10:17:32] INFO File uploaded: file276.txt
[2025-04-11 11:03:15] INFO Session started for user161
[2025-04-11 10:55:57] INFO Order processed: order75
[2025-04-11 10:23:12] INFO Data fetched from service658
[2025-04-11 10:10:30] DEBUG Session started for user463
[2025-04-11 10:18:16] INFO Order processed: order337
[2025-04-11 11:05:45] INFO User logged in: user157
[2025-04-11 10:40:16] INFO Session started for user421
[2025-04-11 10:11:42] DEBUG Order processed: order216
[2025-04-11 10:40:52] WARNING High latency detected in service422
[2025-04-11 11:25:04] CRITICAL File not found: config.yaml
[2025-04-11 10:18:50] INFO Job scheduled: job255
[2025-04-11 10:24:23] CRITICAL File not found: config.yaml
[2025-04-11 12:02:10] ERROR Failed login attempt: admin from IP 192.168.0.805
[2025-04-11 10:13:36] DEBUG Cache hit for item 701
[2025-04-11 10:37:45] DEBUG Job scheduled: job382
[2025-04-11 11:01:32] INFO Cache hit for item 322
[2025-04-11 10:02:00] INFO User logged in: user440
[2025-04-11 10:13:30] INFO Cache hit for item 821
[2025-04-11 10:25:46] INFO Data fetched from service755
[2025-04-11 11:08:00] INFO User logged in: user537
[2025-04-11 10:00:09] INFO User logged in: user701
[2025-04-11 11:05:15] DEBUG Session started for user852
[2025-04-11 10:07:02] INFO File uploaded: file546.txt
[2025-04-11 11:38:35] INFO Job scheduled: job905
[2025-04-11 11:52:45] ERROR Failed login attempt: admin from IP 192.168.0.85
[2025-04-11 10:16:18] DEBUG Order processed: order346
[2025-04-11 11:17:04] INFO Heartbeat received from node191
[2025-04-11 10:35:44] INFO Heartbeat received from node645
[2025-04-11 10:08:16] DEBUG Session started for user121
[2025-04-11 11:10:48] WARNING Unusual memory usage detected: 91%
[2025-04-11 10:54:20] DEBUG User logged in: user941
[2025-04-11 10:01:00] DEBUG Data fetched from service228
[2025-04-11 11:01:25] DEBUG Session started for user595
[2025-04-11 10:52:09] DEBUG Session started for user97
[2025-04-11 11:09:03] CRITICAL Disk space critically low: 98% used
[2025-04-11 10:40:24] DEBUG User logged in: user948
[2025-04-11 10:14:11] INFO Order processed: order256
[2025-04-11 10:09:06] INFO Heartbeat received from node179
[2025-04-11 10:58:48] INFO User logged in: user664
[2025-04-11 11:15:12] INFO Cache hit for item 506
[2025-04-11 10:36:04] INFO Session started for user7
[2025-04-11 10:01:56] INFO Heartbeat received from node853
[2025-04-11 11:32:50] INFO Job scheduled: job117
[2025-04-11 10:02:06] DEBUG User logged in: user500
[2025-04-11 10:02:28] INFO User logged in: user804
[2025-04-11 10:06:00] DEBUG Session started for user187
[2025-04-11 10:23:35] CRITICAL File not found: config.yaml
[2025-04-11 10:20:28] DEBUG Order processed: order173
[2025-04-11 10:54:40] INFO File uploaded: file580.txt
[2025-04-11 10:30:20] INFO File uploaded: file546.txt
[2025-04-11 10:14:57] DEBUG Cache hit for item 958
[2025-04-11 11:09:40] INFO Session started for user882
[2025-04-11 10:47:35] INFO Data fetched from service561
[2025-04-11 10:29:12] INFO Cache hit for item 576
[2025-04-11 10:31:20] INFO File uploaded: file698.txt
[2025-04-11 12:04:40] ERROR File not found: config.yaml
[2025-04-11 11:27:04] CRITICAL System rebooted unexpectedly
[2025-04-11 10:10:33] DEBUG User logged in: user985
[2025-04-11 10:13:38] INFO File uploaded: file446.txt
[2025-04-11 10:16:33] INFO User logged in: user625
[2025-04-11 10:18:36] DEBUG Job scheduled: job317
[2025-04-11 10:47:24] DEBUG File uploaded: file684.txt
[2025-04-11 11:19:20] INFO File uploaded: file182.txt
[2025-04-11 11:12:09] ERROR System rebooted unexpectedly
[2025-04-11 10:15:35] DEBUG Order processed: order145
[2025-04-11 10:12:27] DEBUG File uploaded: file98.txt
[2025-04-11 10:04:32] INFO User logged in: user232
[2025-04-11 10:12:20] DEBUG Data fetched from service811
[2025-04-11 10:44:12] DEBUG File uploaded: file644.txt
[2025-04-11 10:11:50] INFO Data fetched from service309
[2025-04-11 10:48:12] DEBUG File uploaded: file873.txt
[2025-04-11 10:45:32] CRITICAL Failed login attempt: admin from IP 192.168.0.439
[2025-04-11 10:58:40] DEBUG Cache hit for item 442
[2025-04-11 11:37:00] CRITICAL System rebooted unexpectedly
[2025-04-11 11:00:44] DEBUG Job scheduled: job934
[2025-04-11 10:13:32] DEBUG Order processed: order730
[2025-04-11 10:24:27] INFO Job scheduled: job493
[2025-04-11 10:26:50] DEBUG File uploaded: file231.txt
[2025-04-11 10:17:24] INFO User logged in: user999
[2025-04-11 10:24:50] ERROR Failed login attempt: admin from IP 192.168.0.69
[2025-04-11 10:07:50] INFO Session started for user436
[2025-04-11 10:07:13] INFO Cache hit for item 873
[2025-04-11 10:12:40] INFO Cache hit for item 767
[2025-04-11 10:19:06] DEBUG Data fetched from service415
[2025-04-11 10:13:50] DEBUG Heartbeat received from node50
[2025-04-11 10:21:56] WARNING File not found: config.yaml
[2025-04-11 10:33:50] INFO Cache hit for item 706
[2025-04-11 10:58:39] DEBUG User logged in: user56
[2025-04-11 11:03:10] DEBUG File uploaded: file488.txt
[2025-04-11 11:56:30] CRITICAL File not found: config.yaml
[2025-04-11 10:54:36] INFO Data fetched from service348
[2025-04-11 11:19:32] INFO File uploaded: file166.txt
[2025-04-11 11:51:35] WARNING File not found: config.yaml
[2025-04-11 10:35:18] INFO File uploaded: file8.txt
[2025-04-11 10:12:28] DEBUG User logged in: user101
[2025-04-11 10:21:08] INFO Data fetched from service324
[2025-04-11 10:52:45] INFO Job scheduled: job993
[2025-04-11 10:44:18] WARNING Database connection lost
[2025-04-11 11:54:55] WARNING System rebooted unexpectedly
[2025-04-11 10:27:21] DEBUG User logged in: user637
[2025-04-11 10:24:32] INFO Job scheduled: job204
[2025-04-11 10:16:44] DEBUG Cache hit for item 107
[2025-04-11 10:06:30] DEBUG Cache hit for item 696
[2025-04-11 10:25:00] INFO Cache hit for item 797
[2025-04-11 10:40:32] DEBUG User logged in: user878
[2025-04-11 11:23:00] DEBUG User logged in: user234
[2025-04-11 10:49:09] INFO Heartbeat received from node647
[2025-04-11 10:12:23] INFO Cache hit for item 609
[2025-04-11 10:18:48] INFO Job scheduled: job928
[2025-04-11 10:15:52] DEBUG Order processed: order952
[2025-04-11 10:05:49] INFO Cache hit for item 811
[2025-04-11 10:33:04] DEBUG Data fetched from service4
[2025-04-11 11:16:56] INFO Session started for user744
[2025-04-11 11:36:50] DEBUG Session started for user9
[2025-04-11 10:04:16] DEBUG File uploaded: file802.txt
[2025-04-11 10:07:43] DEBUG Session started for user171
[2025-04-11 10:31:50] INFO Order processed: order986
[2025-04-11 10:24:10] INFO Job scheduled: job998
[2025-04-11 10:03:34] DEBUG Heartbeat received from node249
[2025-04-11 10:19:38] DEBUG Order processed: order753
[2025-04-11 10:27:35] INFO Session started for user42
[2025-04-11 10:08:42] INFO Order processed: order126
[2025-04-11 10:23:58] CRITICAL File not found: config.yaml
[2025-04-11 11:14:15] WARNING Unauthorized access attempt detected
[2025-04-11 10:08:50] INFO Job scheduled: job482
[2025-04-11 10:22:15] INFO Cache hit for item 997
[2025-04-11 10:59:27] DEBUG User logged in: user803
[2025-04-11 10:05:52] INFO Heartbeat received from node727
[2025-04-11 10:57:40] INFO File uploaded: file695.txt
[2025-04-11 10:41:48] CRITICAL Disk space critically low: 94% used
[2025-04-11 10:21:36] CRITICAL Database connection lost
[2025-04-11 10:05:30] DEBUG Order processed: order986
[2025-04-11 11:14:30] INFO Cache hit for item 83
[2025-04-11 11:00:30] INFO Data fetched from service341
[2025-04-11 10:35:05] DEBUG Job scheduled: job910
[2025-04-11 10:06:36] INFO Data fetched from service940
[2025-04-11 10:13:59] DEBUG Heartbeat received from node50
[2025-04-11 10:50:00] INFO User logged in: user306
[2025-04-11 11:02:00] DEBUG File uploaded: file911.txt
[2025-04-11 11:49:10] WARNING Disk space critically low: 87% used
[2025-04-11 10:12:47] INFO Job scheduled: job20
[2025-04-11 10:55:12] DEBUG Heartbeat received from node226
[2025-04-11 10:16:00] DEBUG Heartbeat received from node479
[2025-04-11 10:25:36] INFO Session started for user353
[2025-04-11 11:22:00] INFO Job scheduled: job819
[2025-04-11 10:00:18] INFO User logged in: user790
[2025-04-11 10:13:16] DEBUG Cache hit for item 802
[2025-04-11 10:17:21] INFO Order processed: order97
[2025-04-11 10:40:08] DEBUG Data fetched from service842
[2025-04-11 11:19:28] INFO Cache hit for item 293
[2025-04-11 10:18:50] DEBUG File uploaded: file123.txt
[2025-04-11 10:19:18] DEBUG Session started for user49
[2025-04-11 10:47:42] WARNING Unusual memory usage detected: 90%
[2025-04-11 11:18:40] INFO User logged in: user314
[2025-04-11 10:59:40] DEBUG Data fetched from service995
[2025-04-11 10:06:29] INFO Cache hit for item 741
[2025-04-11 11:10:06] ERROR Database connection lost
[2025-04-11 10:07:03] DEBUG File uploaded: file107.txt
[2025-04-11 10:17:30] INFO Session started for user111
[2025-04-11 10:06:28] INFO User logged in: user512
[2025-04-11 10:39:45] DEBUG Heartbeat received from node983
[2025-04-11 10:49:16] DEBUG Order processed: order952
[2025-04-11 11:22:30] INFO Job scheduled: job800
[2025-04-11 11:08:33] WARNING File not found: config.yaml
[2025-04-11 11:25:25] INFO Job scheduled: job74
[2025-04-11 10:36:39] DEBUG User logged in: user510
[2025-04-11 10:51:45] INFO Data fetched from service635
[2025-04-11 10:18:56] DEBUG File uploaded: file778.txt
[2025-04-11 10:17:52] DEBUG File uploaded: file656.txt
[2025-04-11 10:16:00] DEBUG Order processed: order875
[2025-04-11 10:11:00] DEBUG User logged in: user341
[2025-04-11 10:20:05] CRITICAL Disk space critically low: 97% used
[2025-04-11 11:17:30] INFO Job scheduled: job64
[2025-04-11 10:45:34] WARNING File not found: config.yaml
[2025-04-11 11:14:40] INFO Data fetched from service272
[2025-04-11 10:10:11] DEBUG File uploaded: file527.txt
[2025-04-11 10:04:40] DEBUG User logged in: user481
[2025-04-11 10:44:50] DEBUG File uploaded: file818.txt
[2025-04-11 10:12:00] INFO Heartbeat received from node781
[2025-04-11 10:06:45] DEBUG User logged in: user935
[2025-04-11 10:15:45] INFO File uploaded: file75.txt
[2025-04-11 10:02:26] INFO Data fetched from service598
[2025-04-11 10:29:58] INFO File uploaded: file507.txt
[2025-04-11 11:35:00] DEBUG File uploaded: file850.txt
[2025-04-11 10:20:33] INFO Order processed: order112
[2025-04-11 10:11:02] INFO User logged in: user186
[2025-04-11 10:55:20] DEBUG Order processed: order966
[2025-04-11 10:02:39] DEBUG Order processed: order109
[2025-04-11 10:40:48] WARNING Unusual memory usage detected: 85%
[2025-04-11 10:09:41] INFO Session started for user941
[2025-04-11 11:55:10] CRITICAL Disk space critically low: 88% used
[2025-04-11 10:00:49] INFO Cache hit for item 409
[2025-04-11 10:49:54] DEBUG File uploaded: file673.txt
[2025-04-11 10:04:07] DEBUG Job scheduled: job197
[2025-04-11 11:34:40] WARNING Unusual memory usage detected: 88%
[2025-04-11 10:03:40] INFO File uploaded: file913.txt
[2025-04-11 11:40:15] WARNING Unauthorized access attempt detected
[2025-04-11 11:12:10] INFO Job scheduled: job208
[2025-04-11 11:26:36] CRITICAL Failed login attempt: admin from IP 192.168.0.867
[2025-04-11 11:08:40] INFO Cache hit for item 857
[2025-04-11 10:00:20] DEBUG Session started for user779
[2025-04-11 10:02:00] INFO File uploaded: file226.txt
[2025-04-11 10:49:50] CRITICAL Failed login attempt: admin from IP 192.168.0.214
[2025-04-11 11:28:12] CRITICAL System rebooted unexpectedly
[2025-04-11 10:35:00] INFO Heartbeat received from node794
[2025-04-11 11:01:30] DEBUG Heartbeat received from node426
[2025-04-11 10:45:15] INFO Session started for user984
[2025-04-11 10:19:23] DEBUG Order processed: order802
[2025-04-11 10:27:44] DEBUG Cache hit for item 702
[2025-04-11 10:08:12] DEBUG Order processed: order22
[2025-04-11 10:13:14] INFO Cache hit for item 57
[2025-04-11 11:07:04] DEBUG Order processed: order778
[2025-04-11 10:07:36] DEBUG Session started for user414
[2025-04-11 11:35:32] WARNING Database connection lost
[2025-04-11 10:49:12] ERROR Failed login attempt: admin from IP 192.168.0.435
[2025-04-11 10:12:46] INFO Order processed: order532
[2025-04-11 10:38:54] INFO File uploaded: file203.txt
[2025-04-11 10:35:20] DEBUG Heartbeat received from node792
[2025-04-11 10:32:52] INFO Heartbeat received from node128
[2025-04-11 10:29:30] INFO User logged in: user109
[2025-04-11 10:44:28] DEBUG Heartbeat received from node652
[2025-04-11 10:24:17] WARNING Unauthorized access attempt detected
[2025-04-11 10:17:14] INFO Job scheduled: job309
[2025-04-11 10:27:45] DEBUG User logged in: user146
[2025-04-11 11:18:04] INFO Job scheduled: job104
[2025-04-11 11:17:12] DEBUG Cache hit for item 610
[2025-04-11 10:27:54] DEBUG Job scheduled: job381
[2025-04-11 11:07:56] INFO Data fetched from service387
[2025-04-11 10:02:18] DEBUG Job scheduled: job291
[2025-04-11 10:12:35] INFO User logged in: user621
[2025-04-11 11:50:10] ERROR High latency detected in service33
[2025-04-11 10:38:51] DEBUG Session started for user141
[2025-04-11 11:05:40] INFO Heartbeat received from node605
[2025-04-11 10:01:02] DEBUG Cache hit for item 921
[2025-04-11 10:07:27] DEBUG Order processed: order836
[2025-04-11 10:11:06] DEBUG Data fetched from service480
[2025-04-11 10:10:00] INFO Order processed: order151
[2025-04-11 10:11:54] DEBUG File uploaded: file468.txt
[2025-04-11 10:04:15] INFO User logged in: user719
[2025-04-11 10:51:20] INFO Data fetched from service417
[2025-04-11 10:50:48] DEBUG Heartbeat received from node324
[2025-04-11 10:49:06] WARNING System rebooted unexpectedly
[2025-04-11 11:22:48] ERROR Disk space critically low: 94% used
[2025-04-11 11:57:10] ERROR Unusual memory usage detected: 93%
[2025-04-11 10:03:13] DEBUG User logged in: user475
[2025-04-11 11:06:52] INFO File uploaded: file316.txt
[2025-04-11 10:53:35] INFO File uploaded: file168.txt
[2025-04-11 10:08:12] DEBUG Order processed: order517
[2025-04-11 10:30:04] DEBUG File uploaded: file785.txt
[2025-04-11 10:19:12] DEBUG User logged in: user209
[2025-04-11 10:15:15] DEBUG Cache hit for item 647
[2025-04-11 10:29:52] DEBUG Data fetched from service397
[2025-04-11 10:15:27] INFO Cache hit for item 990
[2025-04-11 10:45:25] DEBUG Cache hit for item 40
[2025-04-11 10:03:20] DEBUG Data fetched from service19
[2025-04-11 10:19:17] DEBUG Data fetched from service260
[2025-04-11 10:08:08] DEBUG User logged in: user824
[2025-04-11 10:32:50] DEBUG Job scheduled: job95
[2025-04-11 11:07:42] WARNING Failed login attempt: admin from IP 192.168.0.994
[2025-04-11 11:02:27] CRITICAL Disk space critically low: 93% used
[2025-04-11 11:13:05] DEBUG Heartbeat received from node117
[2025-04-11 11:41:40] WARNING Database connection lost
[2025-04-11 10:22:26] DEBUG Cache hit for item 676
[2025-04-11 10:08:49] DEBUG Order processed: order281
[2025-04-11 10:53:24] INFO User logged in: user871
[2025-04-11 10:01:18] INFO User logged in: user705
[2025-04-11 11:06:18] WARNING Unusual memory usage detected: 94%
[2025-04-11 11:30:08] ERROR System rebooted unexpectedly
[2025-04-11 10:11:24] INFO File uploaded: file479.txt
[2025-04-11 10:45:02] ERROR System rebooted unexpectedly
[2025-04-11 10:20:44] DEBUG User logged in: user152
[2025-04-11 10:14:25] DEBUG File uploaded: file329.txt
[2025-04-11 10:00:52] INFO Data fetched from service477
[2025-04-11 10:07:52] DEBUG Heartbeat received from node362
[2025-04-11 10:31:21] DEBUG File uploaded: file158.txt
[2025-04-11 10:42:12] DEBUG Order processed: order598
[2025-04-11 11:08:48] DEBUG File uploaded: file596.txt
[2025-04-11 11:35:36] ERROR Failed login attempt: admin from IP 192.168.0.827
[2025-04-11 10:04:33] DEBUG File uploaded: file549.txt
[2025-04-11 10:24:00] CRITICAL High latency detected in service395
[2025-04-11 10:24:09] DEBUG Data fetched from service308
[2025-04-11 10:10:08] INFO Data fetched from service673
[2025-04-11 10:12:04] DEBUG Data fetched from service48
[2025-04-11 10:05:14] DEBUG Data fetched from service174
[2025-04-11 10:08:40] INFO Order processed: order819
[2025-04-11 10:11:38] DEBUG Session started for user480
[2025-04-11 11:16:52] DEBUG Heartbeat received from node562
[2025-04-11 10:10:24] DEBUG Session started for user112
[2025-04-11 11:07:36] INFO File uploaded: file261.txt
[2025-04-11 10:03:14] DEBUG Cache hit for item 607
[2025-04-11 10:25:08] INFO Order processed: order766
[2025-04-11 10:10:24] INFO Data fetched from service314
[2025-04-11 11:01:00] INFO Session started for user166
[2025-04-11 10:08:24] INFO Job scheduled: job612
[2025-04-11 11:12:30] DEBUG Job scheduled: job300
[2025-04-11 10:05:55] DEBUG Heartbeat received from node250
[2025-04-11 11:24:24] WARNING Database connection lost
[2025-04-11 10:32:40] INFO Heartbeat received from node423
[2025-04-11 10:07:29] INFO Heartbeat received from node857
[2025-04-11 10:05:38] DEBUG User logged in: user810
[2025-04-11 10:11:24] DEBUG File uploaded: file241.txt
[2025-04-11 10:36:46] INFO Heartbeat received from node707
[2025-04-11 10:02:10] INFO Cache hit for item 442
[2025-04-11 11:11:55] INFO File uploaded: file135.txt
[2025-04-11 10:37:16] DEBUG Cache hit for item 835
[2025-04-11 10:49:00] ERROR Disk space critically low: 93% used
[2025-04-11 11:00:45] ERROR Unusual memory usage detected: 96%
[2025-04-11 11:29:48] CRITICAL Disk space critically low: 97% used
[2025-04-11 10:22:23] CRITICAL Database connection lost
[2025-04-11 10:13:34] DEBUG Heartbeat received from node300
[2025-04-11 10:09:37] INFO Order processed: order267
[2025-04-11 12:01:00] ERROR Disk space critically low: 92% used
[2025-04-11 10:14:38] INFO File uploaded: file809.txt
[2025-04-11 11:08:09] WARNING Unauthorized access attempt detected
[2025-04-11 11:17:00] DEBUG File uploaded: file624.txt
[2025-04-11 10:13:40] INFO Session started for user35
[2025-04-11 10:09:32] INFO Job scheduled: job518
[2025-04-11 10:15:31] INFO Data fetched from service369
[2025-04-11 10:47:16] ERROR High latency detected in service82
[2025-04-11 10:56:51] INFO Cache hit for item 571
[2025-04-11 10:24:08] INFO Session started for user898
[2025-04-11 10:39:00] DEBUG Heartbeat received from node604
[2025-04-11 11:43:50] WARNING High latency detected in service543
[2025-04-11 10:23:33] INFO User logged in: user286
[2025-04-11 10:22:58] INFO User logged in: user52
[2025-04-11 10:18:18] DEBUG Heartbeat received from node254
[2025-04-11 10:29:32] INFO User logged in: user126
[2025-04-11 10:21:24] ERROR High latency detected in service129
[2025-04-11 11:32:36] CRITICAL High latency detected in service186
[2025-04-11 11:24:25] INFO User logged in: user907
[2025-04-11 10:02:36] INFO Heartbeat received from node679
[2025-04-11 11:16:40] DEBUG Data fetched from service394
[2025-04-11 10:59:55] DEBUG Cache hit for item 339
[2025-04-11 10:27:36] INFO File uploaded: file111.txt
[2025-04-11 10:08:12] DEBUG Data fetched from service821
[2025-04-11 10:01:50] DEBUG Job scheduled: job590
[2025-04-11 11:12:45] DEBUG File uploaded: file695.txt
[2025-04-11 10:39:50] INFO Order processed: order427